TimeQuest Timing Analyzer report for part4
Tue Nov 05 15:32:06 2019
Quartus II 64-Bit Version 13.0.1 Build 232 06/12/2013 Service Pack 1 SJ Web Edition


---------------------
; Table of Contents ;
---------------------
  1. Legal Notice
  2. TimeQuest Timing Analyzer Summary
  3. Parallel Compilation
  4. Clocks
  5. Slow Model Fmax Summary
  6. Slow Model Setup Summary
  7. Slow Model Hold Summary
  8. Slow Model Recovery Summary
  9. Slow Model Removal Summary
 10. Slow Model Minimum Pulse Width Summary
 11. Propagation Delay
 12. Minimum Propagation Delay
 13. Fast Model Setup Summary
 14. Fast Model Hold Summary
 15. Fast Model Recovery Summary
 16. Fast Model Removal Summary
 17. Fast Model Minimum Pulse Width Summary
 18. Propagation Delay
 19. Minimum Propagation Delay
 20. Multicorner Timing Analysis Summary
 21. Progagation Delay
 22. Minimum Progagation Delay
 23. Clock Transfers
 24. Report TCCS
 25. Report RSKM
 26. Unconstrained Paths
 27. TimeQuest Timing Analyzer Messages



----------------
; Legal Notice ;
----------------
Copyright (C) 1991-2013 Altera Corporation
Your use of Altera Corporation's design tools, logic functions 
and other software and tools, and its AMPP partner logic 
functions, and any output files from any of the foregoing 
(including device programming or simulation files), and any 
associated documentation or information are expressly subject 
to the terms and conditions of the Altera Program License 
Subscription Agreement, Altera MegaCore Function License 
Agreement, or other applicable license agreement, including, 
without limitation, that your use is for the sole purpose of 
programming logic devices manufactured by Altera and sold by 
Altera or its authorized distributors.  Please refer to the 
applicable agreement for further details.



+----------------------------------------------------------------------------------------+
; TimeQuest Timing Analyzer Summary                                                      ;
+--------------------+-------------------------------------------------------------------+
; Quartus II Version ; Version 13.0.1 Build 232 06/12/2013 Service Pack 1 SJ Web Edition ;
; Revision Name      ; part4                                                             ;
; Device Family      ; Cyclone II                                                        ;
; Device Name        ; EP2C35F672C6                                                      ;
; Timing Models      ; Final                                                             ;
; Delay Model        ; Combined                                                          ;
; Rise/Fall Delays   ; Unavailable                                                       ;
+--------------------+-------------------------------------------------------------------+


Parallel compilation was disabled, but you have multiple processors available. Enable parallel compilation to reduce compilation time.
+-------------------------------------+
; Parallel Compilation                ;
+----------------------------+--------+
; Processors                 ; Number ;
+----------------------------+--------+
; Number detected on machine ; 8      ;
; Maximum allowed            ; 1      ;
+----------------------------+--------+


----------
; Clocks ;
----------
No clocks to report.


---------------------------
; Slow Model Fmax Summary ;
---------------------------
No paths to report.


----------------------------
; Slow Model Setup Summary ;
----------------------------
No paths to report.


---------------------------
; Slow Model Hold Summary ;
---------------------------
No paths to report.


-------------------------------
; Slow Model Recovery Summary ;
-------------------------------
No paths to report.


------------------------------
; Slow Model Removal Summary ;
------------------------------
No paths to report.


------------------------------------------
; Slow Model Minimum Pulse Width Summary ;
------------------------------------------
No paths to report.


+--------------------------------------------------------------+
; Propagation Delay                                            ;
+------------+-------------+--------+--------+--------+--------+
; Input Port ; Output Port ; RR     ; RF     ; FR     ; FF     ;
+------------+-------------+--------+--------+--------+--------+
; SW[0]      ; HEX0[0]     ; 12.719 ; 12.719 ; 12.719 ; 12.719 ;
; SW[0]      ; HEX0[1]     ; 12.537 ; 12.537 ; 12.537 ; 12.537 ;
; SW[0]      ; HEX0[2]     ; 12.722 ; 12.722 ; 12.722 ; 12.722 ;
; SW[0]      ; HEX0[3]     ; 12.657 ; 12.657 ; 12.657 ; 12.657 ;
; SW[0]      ; HEX0[4]     ; 12.707 ; 12.707 ; 12.707 ; 12.707 ;
; SW[0]      ; HEX0[5]     ; 12.374 ; 12.374 ; 12.374 ; 12.374 ;
; SW[0]      ; HEX0[6]     ; 12.450 ; 12.450 ; 12.450 ; 12.450 ;
; SW[0]      ; HEX1[0]     ; 12.533 ; 11.474 ; 11.474 ; 12.533 ;
; SW[0]      ; HEX1[3]     ; 12.414 ; 11.355 ; 11.355 ; 12.414 ;
; SW[0]      ; HEX1[4]     ; 12.434 ; 11.375 ; 11.375 ; 12.434 ;
; SW[0]      ; HEX1[5]     ; 12.429 ; 11.370 ; 11.370 ; 12.429 ;
; SW[0]      ; HEX4[0]     ; 7.646  ; 7.646  ; 7.646  ; 7.646  ;
; SW[0]      ; HEX4[1]     ; 8.394  ; 8.394  ; 8.394  ; 8.394  ;
; SW[0]      ; HEX4[2]     ;        ; 8.134  ; 8.134  ;        ;
; SW[0]      ; HEX4[3]     ; 8.227  ; 8.227  ; 8.227  ; 8.227  ;
; SW[0]      ; HEX4[4]     ; 7.588  ;        ;        ; 7.588  ;
; SW[0]      ; HEX4[5]     ; 7.389  ;        ;        ; 7.389  ;
; SW[0]      ; HEX4[6]     ; 8.110  ;        ;        ; 8.110  ;
; SW[0]      ; LEDR[0]     ; 9.676  ; 9.676  ; 9.676  ; 9.676  ;
; SW[0]      ; LEDR[1]     ; 10.208 ; 10.208 ; 10.208 ; 10.208 ;
; SW[0]      ; LEDR[2]     ; 10.133 ; 10.133 ; 10.133 ; 10.133 ;
; SW[0]      ; LEDR[3]     ; 11.563 ; 11.563 ; 11.563 ; 11.563 ;
; SW[0]      ; LEDR[4]     ; 10.796 ;        ;        ; 10.796 ;
; SW[1]      ; HEX0[0]     ; 11.982 ; 11.982 ; 11.982 ; 11.982 ;
; SW[1]      ; HEX0[1]     ; 11.800 ; 11.800 ; 11.800 ; 11.800 ;
; SW[1]      ; HEX0[2]     ; 11.985 ; 11.985 ; 11.985 ; 11.985 ;
; SW[1]      ; HEX0[3]     ; 11.920 ; 11.920 ; 11.920 ; 11.920 ;
; SW[1]      ; HEX0[4]     ; 11.970 ; 11.970 ; 11.970 ; 11.970 ;
; SW[1]      ; HEX0[5]     ; 11.637 ; 11.637 ; 11.637 ; 11.637 ;
; SW[1]      ; HEX0[6]     ; 11.713 ; 11.713 ; 11.713 ; 11.713 ;
; SW[1]      ; HEX1[0]     ; 11.796 ; 10.737 ; 10.737 ; 11.796 ;
; SW[1]      ; HEX1[3]     ; 11.677 ; 10.618 ; 10.618 ; 11.677 ;
; SW[1]      ; HEX1[4]     ; 11.697 ; 10.638 ; 10.638 ; 11.697 ;
; SW[1]      ; HEX1[5]     ; 11.692 ; 10.633 ; 10.633 ; 11.692 ;
; SW[1]      ; HEX4[0]     ; 7.627  ; 7.627  ; 7.627  ; 7.627  ;
; SW[1]      ; HEX4[1]     ; 8.351  ; 8.351  ; 8.351  ; 8.351  ;
; SW[1]      ; HEX4[2]     ; 8.090  ;        ;        ; 8.090  ;
; SW[1]      ; HEX4[3]     ; 8.208  ; 8.208  ; 8.208  ; 8.208  ;
; SW[1]      ; HEX4[4]     ; 7.549  ; 7.549  ; 7.549  ; 7.549  ;
; SW[1]      ; HEX4[5]     ; 7.360  ;        ;        ; 7.360  ;
; SW[1]      ; HEX4[6]     ; 8.079  ; 8.079  ; 8.079  ; 8.079  ;
; SW[1]      ; LEDR[1]     ; 9.460  ; 9.460  ; 9.460  ; 9.460  ;
; SW[1]      ; LEDR[2]     ; 9.396  ; 9.396  ; 9.396  ; 9.396  ;
; SW[1]      ; LEDR[3]     ; 10.826 ; 10.826 ; 10.826 ; 10.826 ;
; SW[1]      ; LEDR[4]     ; 10.059 ;        ;        ; 10.059 ;
; SW[2]      ; HEX0[0]     ; 12.681 ; 12.681 ; 12.681 ; 12.681 ;
; SW[2]      ; HEX0[1]     ; 12.499 ; 12.499 ; 12.499 ; 12.499 ;
; SW[2]      ; HEX0[2]     ; 12.684 ; 12.684 ; 12.684 ; 12.684 ;
; SW[2]      ; HEX0[3]     ; 12.619 ; 12.619 ; 12.619 ; 12.619 ;
; SW[2]      ; HEX0[4]     ; 12.669 ; 12.669 ; 12.669 ; 12.669 ;
; SW[2]      ; HEX0[5]     ; 12.336 ; 12.336 ; 12.336 ; 12.336 ;
; SW[2]      ; HEX0[6]     ; 12.412 ; 12.412 ; 12.412 ; 12.412 ;
; SW[2]      ; HEX1[0]     ; 12.495 ; 12.495 ; 12.495 ; 12.495 ;
; SW[2]      ; HEX1[3]     ; 12.376 ; 12.376 ; 12.376 ; 12.376 ;
; SW[2]      ; HEX1[4]     ; 12.396 ; 12.396 ; 12.396 ; 12.396 ;
; SW[2]      ; HEX1[5]     ; 12.391 ; 12.391 ; 12.391 ; 12.391 ;
; SW[2]      ; HEX4[0]     ; 7.317  ; 7.317  ; 7.317  ; 7.317  ;
; SW[2]      ; HEX4[1]     ; 8.045  ;        ;        ; 8.045  ;
; SW[2]      ; HEX4[2]     ; 7.786  ; 7.786  ; 7.786  ; 7.786  ;
; SW[2]      ; HEX4[3]     ; 7.899  ; 7.899  ; 7.899  ; 7.899  ;
; SW[2]      ; HEX4[4]     ; 7.243  ;        ;        ; 7.243  ;
; SW[2]      ; HEX4[5]     ; 7.052  ; 7.052  ; 7.052  ; 7.052  ;
; SW[2]      ; HEX4[6]     ; 7.771  ; 7.771  ; 7.771  ; 7.771  ;
; SW[2]      ; LEDR[2]     ; 10.095 ; 10.095 ; 10.095 ; 10.095 ;
; SW[2]      ; LEDR[3]     ; 11.525 ; 11.525 ; 11.525 ; 11.525 ;
; SW[2]      ; LEDR[4]     ; 10.758 ; 10.758 ; 10.758 ; 10.758 ;
; SW[3]      ; HEX0[0]     ; 10.986 ; 10.986 ; 10.986 ; 10.986 ;
; SW[3]      ; HEX0[1]     ; 10.804 ; 10.804 ; 10.804 ; 10.804 ;
; SW[3]      ; HEX0[2]     ; 10.989 ; 10.989 ; 10.989 ; 10.989 ;
; SW[3]      ; HEX0[3]     ; 10.924 ; 10.924 ; 10.924 ; 10.924 ;
; SW[3]      ; HEX0[4]     ; 10.974 ; 10.974 ; 10.974 ; 10.974 ;
; SW[3]      ; HEX0[5]     ; 10.641 ; 10.641 ; 10.641 ; 10.641 ;
; SW[3]      ; HEX0[6]     ; 10.717 ; 10.717 ; 10.717 ; 10.717 ;
; SW[3]      ; HEX1[0]     ; 10.800 ; 9.737  ; 9.737  ; 10.800 ;
; SW[3]      ; HEX1[3]     ; 10.681 ; 9.618  ; 9.618  ; 10.681 ;
; SW[3]      ; HEX1[4]     ; 10.701 ; 9.638  ; 9.638  ; 10.701 ;
; SW[3]      ; HEX1[5]     ; 10.696 ; 9.633  ; 9.633  ; 10.696 ;
; SW[3]      ; HEX4[0]     ; 7.026  ; 7.026  ; 7.026  ; 7.026  ;
; SW[3]      ; HEX4[1]     ; 7.749  ;        ;        ; 7.749  ;
; SW[3]      ; HEX4[2]     ; 7.490  ;        ;        ; 7.490  ;
; SW[3]      ; HEX4[3]     ; 7.608  ;        ;        ; 7.608  ;
; SW[3]      ; HEX4[4]     ; 6.949  ;        ;        ; 6.949  ;
; SW[3]      ; HEX4[5]     ; 6.759  ; 6.759  ; 6.759  ; 6.759  ;
; SW[3]      ; HEX4[6]     ;        ; 7.453  ; 7.453  ;        ;
; SW[3]      ; LEDR[3]     ; 9.826  ; 9.826  ; 9.826  ; 9.826  ;
; SW[3]      ; LEDR[4]     ; 9.063  ;        ;        ; 9.063  ;
; SW[4]      ; HEX0[0]     ; 12.757 ; 12.757 ; 12.757 ; 12.757 ;
; SW[4]      ; HEX0[1]     ; 12.575 ; 12.575 ; 12.575 ; 12.575 ;
; SW[4]      ; HEX0[2]     ; 12.760 ; 12.760 ; 12.760 ; 12.760 ;
; SW[4]      ; HEX0[3]     ; 12.695 ; 12.695 ; 12.695 ; 12.695 ;
; SW[4]      ; HEX0[4]     ; 12.745 ; 12.745 ; 12.745 ; 12.745 ;
; SW[4]      ; HEX0[5]     ; 12.412 ; 12.412 ; 12.412 ; 12.412 ;
; SW[4]      ; HEX0[6]     ; 12.488 ; 12.488 ; 12.488 ; 12.488 ;
; SW[4]      ; HEX1[0]     ; 12.571 ; 11.512 ; 11.512 ; 12.571 ;
; SW[4]      ; HEX1[3]     ; 12.452 ; 11.393 ; 11.393 ; 12.452 ;
; SW[4]      ; HEX1[4]     ; 12.472 ; 11.413 ; 11.413 ; 12.472 ;
; SW[4]      ; HEX1[5]     ; 12.467 ; 11.408 ; 11.408 ; 12.467 ;
; SW[4]      ; HEX5[0]     ; 6.703  ; 6.703  ; 6.703  ; 6.703  ;
; SW[4]      ; HEX5[1]     ; 6.783  ; 6.783  ; 6.783  ; 6.783  ;
; SW[4]      ; HEX5[2]     ;        ; 6.783  ; 6.783  ;        ;
; SW[4]      ; HEX5[3]     ; 6.549  ; 6.549  ; 6.549  ; 6.549  ;
; SW[4]      ; HEX5[4]     ; 6.515  ;        ;        ; 6.515  ;
; SW[4]      ; HEX5[5]     ; 6.520  ;        ;        ; 6.520  ;
; SW[4]      ; HEX5[6]     ; 6.782  ;        ;        ; 6.782  ;
; SW[4]      ; LEDR[0]     ; 9.701  ; 9.701  ; 9.701  ; 9.701  ;
; SW[4]      ; LEDR[1]     ; 10.246 ; 10.246 ; 10.246 ; 10.246 ;
; SW[4]      ; LEDR[2]     ; 10.171 ; 10.171 ; 10.171 ; 10.171 ;
; SW[4]      ; LEDR[3]     ; 11.601 ; 11.601 ; 11.601 ; 11.601 ;
; SW[4]      ; LEDR[4]     ; 10.834 ;        ;        ; 10.834 ;
; SW[5]      ; HEX0[0]     ; 11.906 ; 11.906 ; 11.906 ; 11.906 ;
; SW[5]      ; HEX0[1]     ; 11.724 ; 11.724 ; 11.724 ; 11.724 ;
; SW[5]      ; HEX0[2]     ; 11.909 ; 11.909 ; 11.909 ; 11.909 ;
; SW[5]      ; HEX0[3]     ; 11.844 ; 11.844 ; 11.844 ; 11.844 ;
; SW[5]      ; HEX0[4]     ; 11.894 ; 11.894 ; 11.894 ; 11.894 ;
; SW[5]      ; HEX0[5]     ; 11.561 ; 11.561 ; 11.561 ; 11.561 ;
; SW[5]      ; HEX0[6]     ; 11.637 ; 11.637 ; 11.637 ; 11.637 ;
; SW[5]      ; HEX1[0]     ; 11.720 ; 10.661 ; 10.661 ; 11.720 ;
; SW[5]      ; HEX1[3]     ; 11.601 ; 10.542 ; 10.542 ; 11.601 ;
; SW[5]      ; HEX1[4]     ; 11.621 ; 10.562 ; 10.562 ; 11.621 ;
; SW[5]      ; HEX1[5]     ; 11.616 ; 10.557 ; 10.557 ; 11.616 ;
; SW[5]      ; HEX5[0]     ; 7.054  ; 7.054  ; 7.054  ; 7.054  ;
; SW[5]      ; HEX5[1]     ; 7.134  ; 7.134  ; 7.134  ; 7.134  ;
; SW[5]      ; HEX5[2]     ; 7.135  ;        ;        ; 7.135  ;
; SW[5]      ; HEX5[3]     ; 6.900  ; 6.900  ; 6.900  ; 6.900  ;
; SW[5]      ; HEX5[4]     ; 6.868  ; 6.868  ; 6.868  ; 6.868  ;
; SW[5]      ; HEX5[5]     ; 6.873  ;        ;        ; 6.873  ;
; SW[5]      ; HEX5[6]     ; 7.133  ; 7.133  ; 7.133  ; 7.133  ;
; SW[5]      ; LEDR[1]     ; 9.390  ; 9.390  ; 9.390  ; 9.390  ;
; SW[5]      ; LEDR[2]     ; 9.319  ; 9.319  ; 9.319  ; 9.319  ;
; SW[5]      ; LEDR[3]     ; 10.750 ; 10.750 ; 10.750 ; 10.750 ;
; SW[5]      ; LEDR[4]     ; 9.983  ;        ;        ; 9.983  ;
; SW[6]      ; HEX0[0]     ; 12.320 ; 12.320 ; 12.320 ; 12.320 ;
; SW[6]      ; HEX0[1]     ; 12.138 ; 12.138 ; 12.138 ; 12.138 ;
; SW[6]      ; HEX0[2]     ; 12.323 ; 12.323 ; 12.323 ; 12.323 ;
; SW[6]      ; HEX0[3]     ; 12.258 ; 12.258 ; 12.258 ; 12.258 ;
; SW[6]      ; HEX0[4]     ; 12.308 ; 12.308 ; 12.308 ; 12.308 ;
; SW[6]      ; HEX0[5]     ; 11.975 ; 11.975 ; 11.975 ; 11.975 ;
; SW[6]      ; HEX0[6]     ; 12.051 ; 12.051 ; 12.051 ; 12.051 ;
; SW[6]      ; HEX1[0]     ; 12.134 ; 12.134 ; 12.134 ; 12.134 ;
; SW[6]      ; HEX1[3]     ; 12.015 ; 12.015 ; 12.015 ; 12.015 ;
; SW[6]      ; HEX1[4]     ; 12.035 ; 12.035 ; 12.035 ; 12.035 ;
; SW[6]      ; HEX1[5]     ; 12.030 ; 12.030 ; 12.030 ; 12.030 ;
; SW[6]      ; HEX5[0]     ; 6.557  ; 6.557  ; 6.557  ; 6.557  ;
; SW[6]      ; HEX5[1]     ; 6.637  ;        ;        ; 6.637  ;
; SW[6]      ; HEX5[2]     ; 6.637  ; 6.637  ; 6.637  ; 6.637  ;
; SW[6]      ; HEX5[3]     ; 6.396  ; 6.396  ; 6.396  ; 6.396  ;
; SW[6]      ; HEX5[4]     ; 6.351  ;        ;        ; 6.351  ;
; SW[6]      ; HEX5[5]     ; 6.361  ; 6.361  ; 6.361  ; 6.361  ;
; SW[6]      ; HEX5[6]     ; 6.627  ; 6.627  ; 6.627  ; 6.627  ;
; SW[6]      ; LEDR[2]     ; 9.734  ; 9.734  ; 9.734  ; 9.734  ;
; SW[6]      ; LEDR[3]     ; 11.164 ; 11.164 ; 11.164 ; 11.164 ;
; SW[6]      ; LEDR[4]     ; 10.397 ; 10.397 ; 10.397 ; 10.397 ;
; SW[7]      ; HEX0[0]     ; 11.908 ; 11.908 ; 11.908 ; 11.908 ;
; SW[7]      ; HEX0[1]     ; 11.726 ; 11.726 ; 11.726 ; 11.726 ;
; SW[7]      ; HEX0[2]     ; 11.911 ; 11.911 ; 11.911 ; 11.911 ;
; SW[7]      ; HEX0[3]     ; 11.846 ; 11.846 ; 11.846 ; 11.846 ;
; SW[7]      ; HEX0[4]     ; 11.896 ; 11.896 ; 11.896 ; 11.896 ;
; SW[7]      ; HEX0[5]     ; 11.563 ; 11.563 ; 11.563 ; 11.563 ;
; SW[7]      ; HEX0[6]     ; 11.639 ; 11.639 ; 11.639 ; 11.639 ;
; SW[7]      ; HEX1[0]     ; 11.722 ; 10.661 ; 10.661 ; 11.722 ;
; SW[7]      ; HEX1[3]     ; 11.603 ; 10.542 ; 10.542 ; 11.603 ;
; SW[7]      ; HEX1[4]     ; 11.623 ; 10.562 ; 10.562 ; 11.623 ;
; SW[7]      ; HEX1[5]     ; 11.618 ; 10.557 ; 10.557 ; 11.618 ;
; SW[7]      ; HEX5[0]     ; 6.983  ; 6.983  ; 6.983  ; 6.983  ;
; SW[7]      ; HEX5[1]     ; 7.063  ;        ;        ; 7.063  ;
; SW[7]      ; HEX5[2]     ; 7.063  ;        ;        ; 7.063  ;
; SW[7]      ; HEX5[3]     ; 6.822  ;        ;        ; 6.822  ;
; SW[7]      ; HEX5[4]     ; 6.781  ;        ;        ; 6.781  ;
; SW[7]      ; HEX5[5]     ; 6.787  ; 6.787  ; 6.787  ; 6.787  ;
; SW[7]      ; HEX5[6]     ;        ; 7.053  ; 7.053  ;        ;
; SW[7]      ; LEDR[3]     ; 10.750 ; 10.750 ; 10.750 ; 10.750 ;
; SW[7]      ; LEDR[4]     ; 9.985  ;        ;        ; 9.985  ;
; SW[8]      ; HEX0[0]     ; 12.766 ; 12.766 ; 12.766 ; 12.766 ;
; SW[8]      ; HEX0[1]     ; 12.584 ; 12.584 ; 12.584 ; 12.584 ;
; SW[8]      ; HEX0[2]     ; 12.769 ; 12.769 ; 12.769 ; 12.769 ;
; SW[8]      ; HEX0[3]     ; 12.704 ; 12.704 ; 12.704 ; 12.704 ;
; SW[8]      ; HEX0[4]     ; 12.754 ; 12.754 ; 12.754 ; 12.754 ;
; SW[8]      ; HEX0[5]     ; 12.421 ; 12.421 ; 12.421 ; 12.421 ;
; SW[8]      ; HEX0[6]     ; 12.497 ; 12.497 ; 12.497 ; 12.497 ;
; SW[8]      ; HEX1[0]     ; 12.580 ; 11.521 ; 11.521 ; 12.580 ;
; SW[8]      ; HEX1[3]     ; 12.461 ; 11.402 ; 11.402 ; 12.461 ;
; SW[8]      ; HEX1[4]     ; 12.481 ; 11.422 ; 11.422 ; 12.481 ;
; SW[8]      ; HEX1[5]     ; 12.476 ; 11.417 ; 11.417 ; 12.476 ;
; SW[8]      ; LEDR[0]     ; 9.715  ; 9.715  ; 9.715  ; 9.715  ;
; SW[8]      ; LEDR[1]     ; 10.255 ; 10.255 ; 10.255 ; 10.255 ;
; SW[8]      ; LEDR[2]     ; 10.180 ; 10.180 ; 10.180 ; 10.180 ;
; SW[8]      ; LEDR[3]     ; 11.610 ; 11.610 ; 11.610 ; 11.610 ;
; SW[8]      ; LEDR[4]     ; 10.843 ;        ;        ; 10.843 ;
+------------+-------------+--------+--------+--------+--------+


+--------------------------------------------------------------+
; Minimum Propagation Delay                                    ;
+------------+-------------+--------+--------+--------+--------+
; Input Port ; Output Port ; RR     ; RF     ; FR     ; FF     ;
+------------+-------------+--------+--------+--------+--------+
; SW[0]      ; HEX0[0]     ; 9.195  ; 9.195  ; 9.195  ; 9.195  ;
; SW[0]      ; HEX0[1]     ; 9.005  ; 9.005  ; 9.005  ; 9.005  ;
; SW[0]      ; HEX0[2]     ; 9.206  ; 9.206  ; 9.206  ; 9.206  ;
; SW[0]      ; HEX0[3]     ; 9.124  ; 9.124  ; 9.124  ; 9.124  ;
; SW[0]      ; HEX0[4]     ; 9.180  ; 9.180  ; 9.180  ; 9.180  ;
; SW[0]      ; HEX0[5]     ; 8.845  ; 8.845  ; 8.845  ; 8.845  ;
; SW[0]      ; HEX0[6]     ; 8.932  ; 8.932  ; 8.932  ; 8.932  ;
; SW[0]      ; HEX1[0]     ; 10.421 ; 10.421 ; 10.421 ; 10.421 ;
; SW[0]      ; HEX1[3]     ; 10.302 ; 10.302 ; 10.302 ; 10.302 ;
; SW[0]      ; HEX1[4]     ; 10.322 ; 10.322 ; 10.322 ; 10.322 ;
; SW[0]      ; HEX1[5]     ; 10.317 ; 10.317 ; 10.317 ; 10.317 ;
; SW[0]      ; HEX4[0]     ; 7.646  ; 7.646  ; 7.646  ; 7.646  ;
; SW[0]      ; HEX4[1]     ; 8.394  ; 8.394  ; 8.394  ; 8.394  ;
; SW[0]      ; HEX4[2]     ;        ; 8.134  ; 8.134  ;        ;
; SW[0]      ; HEX4[3]     ; 8.227  ; 8.227  ; 8.227  ; 8.227  ;
; SW[0]      ; HEX4[4]     ; 7.588  ;        ;        ; 7.588  ;
; SW[0]      ; HEX4[5]     ; 7.389  ;        ;        ; 7.389  ;
; SW[0]      ; HEX4[6]     ; 8.110  ;        ;        ; 8.110  ;
; SW[0]      ; LEDR[0]     ; 9.676  ; 9.676  ; 9.676  ; 9.676  ;
; SW[0]      ; LEDR[1]     ; 10.208 ; 10.208 ; 10.208 ; 10.208 ;
; SW[0]      ; LEDR[2]     ; 10.133 ; 10.133 ; 10.133 ; 10.133 ;
; SW[0]      ; LEDR[3]     ; 11.563 ; 11.563 ; 11.563 ; 11.563 ;
; SW[0]      ; LEDR[4]     ; 10.796 ;        ;        ; 10.796 ;
; SW[1]      ; HEX0[0]     ; 8.829  ; 8.829  ; 8.829  ; 8.829  ;
; SW[1]      ; HEX0[1]     ; 8.789  ; 8.789  ; 8.789  ; 8.789  ;
; SW[1]      ; HEX0[2]     ; 9.276  ; 9.276  ; 9.276  ; 9.276  ;
; SW[1]      ; HEX0[3]     ; 8.876  ; 8.876  ; 8.876  ; 8.876  ;
; SW[1]      ; HEX0[4]     ; 8.818  ; 8.818  ; 8.818  ; 8.818  ;
; SW[1]      ; HEX0[5]     ; 8.863  ; 8.863  ; 8.863  ; 8.863  ;
; SW[1]      ; HEX0[6]     ; 8.565  ; 8.565  ; 8.565  ; 8.565  ;
; SW[1]      ; HEX1[0]     ; 9.684  ; 9.684  ; 9.684  ; 9.684  ;
; SW[1]      ; HEX1[3]     ; 9.565  ; 9.565  ; 9.565  ; 9.565  ;
; SW[1]      ; HEX1[4]     ; 9.585  ; 9.585  ; 9.585  ; 9.585  ;
; SW[1]      ; HEX1[5]     ; 9.580  ; 9.580  ; 9.580  ; 9.580  ;
; SW[1]      ; HEX4[0]     ; 7.627  ; 7.627  ; 7.627  ; 7.627  ;
; SW[1]      ; HEX4[1]     ; 8.351  ; 8.351  ; 8.351  ; 8.351  ;
; SW[1]      ; HEX4[2]     ; 8.090  ;        ;        ; 8.090  ;
; SW[1]      ; HEX4[3]     ; 8.208  ; 8.208  ; 8.208  ; 8.208  ;
; SW[1]      ; HEX4[4]     ; 7.549  ; 7.549  ; 7.549  ; 7.549  ;
; SW[1]      ; HEX4[5]     ; 7.360  ;        ;        ; 7.360  ;
; SW[1]      ; HEX4[6]     ; 8.079  ; 8.079  ; 8.079  ; 8.079  ;
; SW[1]      ; LEDR[1]     ; 9.460  ; 9.460  ; 9.460  ; 9.460  ;
; SW[1]      ; LEDR[2]     ; 9.396  ; 9.396  ; 9.396  ; 9.396  ;
; SW[1]      ; LEDR[3]     ; 10.826 ; 10.826 ; 10.826 ; 10.826 ;
; SW[1]      ; LEDR[4]     ; 10.059 ;        ;        ; 10.059 ;
; SW[2]      ; HEX0[0]     ; 9.528  ; 9.528  ; 9.528  ; 9.528  ;
; SW[2]      ; HEX0[1]     ; 9.488  ; 9.488  ; 9.488  ; 9.488  ;
; SW[2]      ; HEX0[2]     ; 9.975  ; 9.975  ; 9.975  ; 9.975  ;
; SW[2]      ; HEX0[3]     ; 9.575  ; 9.575  ; 9.575  ; 9.575  ;
; SW[2]      ; HEX0[4]     ; 9.517  ; 9.517  ; 9.517  ; 9.517  ;
; SW[2]      ; HEX0[5]     ; 9.562  ; 9.562  ; 9.562  ; 9.562  ;
; SW[2]      ; HEX0[6]     ; 9.264  ; 9.264  ; 9.264  ; 9.264  ;
; SW[2]      ; HEX1[0]     ; 10.383 ; 10.383 ; 10.383 ; 10.383 ;
; SW[2]      ; HEX1[3]     ; 10.264 ; 10.264 ; 10.264 ; 10.264 ;
; SW[2]      ; HEX1[4]     ; 10.284 ; 10.284 ; 10.284 ; 10.284 ;
; SW[2]      ; HEX1[5]     ; 10.279 ; 10.279 ; 10.279 ; 10.279 ;
; SW[2]      ; HEX4[0]     ; 7.317  ; 7.317  ; 7.317  ; 7.317  ;
; SW[2]      ; HEX4[1]     ; 8.045  ;        ;        ; 8.045  ;
; SW[2]      ; HEX4[2]     ; 7.786  ; 7.786  ; 7.786  ; 7.786  ;
; SW[2]      ; HEX4[3]     ; 7.899  ; 7.899  ; 7.899  ; 7.899  ;
; SW[2]      ; HEX4[4]     ; 7.243  ;        ;        ; 7.243  ;
; SW[2]      ; HEX4[5]     ; 7.052  ; 7.052  ; 7.052  ; 7.052  ;
; SW[2]      ; HEX4[6]     ; 7.771  ; 7.771  ; 7.771  ; 7.771  ;
; SW[2]      ; LEDR[2]     ; 10.095 ; 10.095 ; 10.095 ; 10.095 ;
; SW[2]      ; LEDR[3]     ; 10.782 ; 10.782 ; 10.782 ; 10.782 ;
; SW[2]      ; LEDR[4]     ; 10.018 ; 10.758 ; 10.758 ; 10.018 ;
; SW[3]      ; HEX0[0]     ; 8.886  ; 8.886  ; 8.886  ; 8.886  ;
; SW[3]      ; HEX0[1]     ; 8.846  ; 8.846  ; 8.846  ; 8.846  ;
; SW[3]      ; HEX0[2]     ; 9.333  ; 9.333  ; 9.333  ; 9.333  ;
; SW[3]      ; HEX0[3]     ; 8.933  ; 8.933  ; 8.933  ; 8.933  ;
; SW[3]      ; HEX0[4]     ; 8.875  ; 8.875  ; 8.875  ; 8.875  ;
; SW[3]      ; HEX0[5]     ; 8.920  ; 8.920  ; 8.920  ; 8.920  ;
; SW[3]      ; HEX0[6]     ; 8.622  ; 8.622  ; 8.622  ; 8.622  ;
; SW[3]      ; HEX1[0]     ; 9.737  ; 9.737  ; 9.737  ; 9.737  ;
; SW[3]      ; HEX1[3]     ; 9.618  ; 9.618  ; 9.618  ; 9.618  ;
; SW[3]      ; HEX1[4]     ; 9.638  ; 9.638  ; 9.638  ; 9.638  ;
; SW[3]      ; HEX1[5]     ; 9.633  ; 9.633  ; 9.633  ; 9.633  ;
; SW[3]      ; HEX4[0]     ; 7.026  ; 7.026  ; 7.026  ; 7.026  ;
; SW[3]      ; HEX4[1]     ; 7.749  ;        ;        ; 7.749  ;
; SW[3]      ; HEX4[2]     ; 7.490  ;        ;        ; 7.490  ;
; SW[3]      ; HEX4[3]     ; 7.608  ;        ;        ; 7.608  ;
; SW[3]      ; HEX4[4]     ; 6.949  ;        ;        ; 6.949  ;
; SW[3]      ; HEX4[5]     ; 6.759  ; 6.759  ; 6.759  ; 6.759  ;
; SW[3]      ; HEX4[6]     ;        ; 7.453  ; 7.453  ;        ;
; SW[3]      ; LEDR[3]     ; 9.826  ; 9.826  ; 9.826  ; 9.826  ;
; SW[3]      ; LEDR[4]     ; 9.063  ;        ;        ; 9.063  ;
; SW[4]      ; HEX0[0]     ; 9.220  ; 9.220  ; 9.220  ; 9.220  ;
; SW[4]      ; HEX0[1]     ; 9.030  ; 9.030  ; 9.030  ; 9.030  ;
; SW[4]      ; HEX0[2]     ; 9.231  ; 9.231  ; 9.231  ; 9.231  ;
; SW[4]      ; HEX0[3]     ; 9.149  ; 9.149  ; 9.149  ; 9.149  ;
; SW[4]      ; HEX0[4]     ; 9.205  ; 9.205  ; 9.205  ; 9.205  ;
; SW[4]      ; HEX0[5]     ; 8.870  ; 8.870  ; 8.870  ; 8.870  ;
; SW[4]      ; HEX0[6]     ; 8.957  ; 8.957  ; 8.957  ; 8.957  ;
; SW[4]      ; HEX1[0]     ; 10.459 ; 10.459 ; 10.459 ; 10.459 ;
; SW[4]      ; HEX1[3]     ; 10.340 ; 10.340 ; 10.340 ; 10.340 ;
; SW[4]      ; HEX1[4]     ; 10.360 ; 10.360 ; 10.360 ; 10.360 ;
; SW[4]      ; HEX1[5]     ; 10.355 ; 10.355 ; 10.355 ; 10.355 ;
; SW[4]      ; HEX5[0]     ; 6.703  ; 6.703  ; 6.703  ; 6.703  ;
; SW[4]      ; HEX5[1]     ; 6.783  ; 6.783  ; 6.783  ; 6.783  ;
; SW[4]      ; HEX5[2]     ;        ; 6.783  ; 6.783  ;        ;
; SW[4]      ; HEX5[3]     ; 6.549  ; 6.549  ; 6.549  ; 6.549  ;
; SW[4]      ; HEX5[4]     ; 6.515  ;        ;        ; 6.515  ;
; SW[4]      ; HEX5[5]     ; 6.520  ;        ;        ; 6.520  ;
; SW[4]      ; HEX5[6]     ; 6.782  ;        ;        ; 6.782  ;
; SW[4]      ; LEDR[0]     ; 9.701  ; 9.701  ; 9.701  ; 9.701  ;
; SW[4]      ; LEDR[1]     ; 10.246 ; 10.246 ; 10.246 ; 10.246 ;
; SW[4]      ; LEDR[2]     ; 10.171 ; 10.171 ; 10.171 ; 10.171 ;
; SW[4]      ; LEDR[3]     ; 11.601 ; 11.601 ; 11.601 ; 11.601 ;
; SW[4]      ; LEDR[4]     ; 10.834 ;        ;        ; 10.834 ;
; SW[5]      ; HEX0[0]     ; 8.752  ; 8.752  ; 8.752  ; 8.752  ;
; SW[5]      ; HEX0[1]     ; 8.712  ; 8.712  ; 8.712  ; 8.712  ;
; SW[5]      ; HEX0[2]     ; 9.199  ; 9.199  ; 9.199  ; 9.199  ;
; SW[5]      ; HEX0[3]     ; 8.799  ; 8.799  ; 8.799  ; 8.799  ;
; SW[5]      ; HEX0[4]     ; 8.741  ; 8.741  ; 8.741  ; 8.741  ;
; SW[5]      ; HEX0[5]     ; 8.786  ; 8.786  ; 8.786  ; 8.786  ;
; SW[5]      ; HEX0[6]     ; 8.488  ; 8.488  ; 8.488  ; 8.488  ;
; SW[5]      ; HEX1[0]     ; 9.607  ; 9.607  ; 9.607  ; 9.607  ;
; SW[5]      ; HEX1[3]     ; 9.488  ; 9.488  ; 9.488  ; 9.488  ;
; SW[5]      ; HEX1[4]     ; 9.508  ; 9.508  ; 9.508  ; 9.508  ;
; SW[5]      ; HEX1[5]     ; 9.503  ; 9.503  ; 9.503  ; 9.503  ;
; SW[5]      ; HEX5[0]     ; 7.054  ; 7.054  ; 7.054  ; 7.054  ;
; SW[5]      ; HEX5[1]     ; 7.134  ; 7.134  ; 7.134  ; 7.134  ;
; SW[5]      ; HEX5[2]     ; 7.135  ;        ;        ; 7.135  ;
; SW[5]      ; HEX5[3]     ; 6.900  ; 6.900  ; 6.900  ; 6.900  ;
; SW[5]      ; HEX5[4]     ; 6.868  ; 6.868  ; 6.868  ; 6.868  ;
; SW[5]      ; HEX5[5]     ; 6.873  ;        ;        ; 6.873  ;
; SW[5]      ; HEX5[6]     ; 7.133  ; 7.133  ; 7.133  ; 7.133  ;
; SW[5]      ; LEDR[1]     ; 9.390  ; 9.390  ; 9.390  ; 9.390  ;
; SW[5]      ; LEDR[2]     ; 9.319  ; 9.319  ; 9.319  ; 9.319  ;
; SW[5]      ; LEDR[3]     ; 10.750 ; 10.750 ; 10.750 ; 10.750 ;
; SW[5]      ; LEDR[4]     ; 9.983  ;        ;        ; 9.983  ;
; SW[6]      ; HEX0[0]     ; 9.167  ; 9.167  ; 9.167  ; 9.167  ;
; SW[6]      ; HEX0[1]     ; 9.127  ; 9.127  ; 9.127  ; 9.127  ;
; SW[6]      ; HEX0[2]     ; 9.614  ; 9.614  ; 9.614  ; 9.614  ;
; SW[6]      ; HEX0[3]     ; 9.214  ; 9.214  ; 9.214  ; 9.214  ;
; SW[6]      ; HEX0[4]     ; 9.156  ; 9.156  ; 9.156  ; 9.156  ;
; SW[6]      ; HEX0[5]     ; 9.201  ; 9.201  ; 9.201  ; 9.201  ;
; SW[6]      ; HEX0[6]     ; 8.903  ; 8.903  ; 8.903  ; 8.903  ;
; SW[6]      ; HEX1[0]     ; 10.022 ; 10.022 ; 10.022 ; 10.022 ;
; SW[6]      ; HEX1[3]     ; 9.903  ; 9.903  ; 9.903  ; 9.903  ;
; SW[6]      ; HEX1[4]     ; 9.923  ; 9.923  ; 9.923  ; 9.923  ;
; SW[6]      ; HEX1[5]     ; 9.918  ; 9.918  ; 9.918  ; 9.918  ;
; SW[6]      ; HEX5[0]     ; 6.557  ; 6.557  ; 6.557  ; 6.557  ;
; SW[6]      ; HEX5[1]     ; 6.637  ;        ;        ; 6.637  ;
; SW[6]      ; HEX5[2]     ; 6.637  ; 6.637  ; 6.637  ; 6.637  ;
; SW[6]      ; HEX5[3]     ; 6.396  ; 6.396  ; 6.396  ; 6.396  ;
; SW[6]      ; HEX5[4]     ; 6.351  ;        ;        ; 6.351  ;
; SW[6]      ; HEX5[5]     ; 6.361  ; 6.361  ; 6.361  ; 6.361  ;
; SW[6]      ; HEX5[6]     ; 6.627  ; 6.627  ; 6.627  ; 6.627  ;
; SW[6]      ; LEDR[2]     ; 9.734  ; 9.734  ; 9.734  ; 9.734  ;
; SW[6]      ; LEDR[3]     ; 10.423 ; 10.423 ; 10.423 ; 10.423 ;
; SW[6]      ; LEDR[4]     ; 9.659  ; 10.397 ; 10.397 ; 9.659  ;
; SW[7]      ; HEX0[0]     ; 9.810  ; 9.810  ; 9.810  ; 9.810  ;
; SW[7]      ; HEX0[1]     ; 9.770  ; 9.770  ; 9.770  ; 9.770  ;
; SW[7]      ; HEX0[2]     ; 10.257 ; 10.257 ; 10.257 ; 10.257 ;
; SW[7]      ; HEX0[3]     ; 9.857  ; 9.857  ; 9.857  ; 9.857  ;
; SW[7]      ; HEX0[4]     ; 9.799  ; 9.799  ; 9.799  ; 9.799  ;
; SW[7]      ; HEX0[5]     ; 9.844  ; 9.844  ; 9.844  ; 9.844  ;
; SW[7]      ; HEX0[6]     ; 9.546  ; 9.546  ; 9.546  ; 9.546  ;
; SW[7]      ; HEX1[0]     ; 10.661 ; 10.661 ; 10.661 ; 10.661 ;
; SW[7]      ; HEX1[3]     ; 10.542 ; 10.542 ; 10.542 ; 10.542 ;
; SW[7]      ; HEX1[4]     ; 10.562 ; 10.562 ; 10.562 ; 10.562 ;
; SW[7]      ; HEX1[5]     ; 10.557 ; 10.557 ; 10.557 ; 10.557 ;
; SW[7]      ; HEX5[0]     ; 6.983  ; 6.983  ; 6.983  ; 6.983  ;
; SW[7]      ; HEX5[1]     ; 7.063  ;        ;        ; 7.063  ;
; SW[7]      ; HEX5[2]     ; 7.063  ;        ;        ; 7.063  ;
; SW[7]      ; HEX5[3]     ; 6.822  ;        ;        ; 6.822  ;
; SW[7]      ; HEX5[4]     ; 6.781  ;        ;        ; 6.781  ;
; SW[7]      ; HEX5[5]     ; 6.787  ; 6.787  ; 6.787  ; 6.787  ;
; SW[7]      ; HEX5[6]     ;        ; 7.053  ; 7.053  ;        ;
; SW[7]      ; LEDR[3]     ; 10.750 ; 10.750 ; 10.750 ; 10.750 ;
; SW[7]      ; LEDR[4]     ; 9.985  ;        ;        ; 9.985  ;
; SW[8]      ; HEX0[0]     ; 9.234  ; 9.234  ; 9.234  ; 9.234  ;
; SW[8]      ; HEX0[1]     ; 9.044  ; 9.044  ; 9.044  ; 9.044  ;
; SW[8]      ; HEX0[2]     ; 9.245  ; 9.245  ; 9.245  ; 9.245  ;
; SW[8]      ; HEX0[3]     ; 9.163  ; 9.163  ; 9.163  ; 9.163  ;
; SW[8]      ; HEX0[4]     ; 9.219  ; 9.219  ; 9.219  ; 9.219  ;
; SW[8]      ; HEX0[5]     ; 8.884  ; 8.884  ; 8.884  ; 8.884  ;
; SW[8]      ; HEX0[6]     ; 8.971  ; 8.971  ; 8.971  ; 8.971  ;
; SW[8]      ; HEX1[0]     ; 10.468 ; 10.468 ; 10.468 ; 10.468 ;
; SW[8]      ; HEX1[3]     ; 10.349 ; 10.349 ; 10.349 ; 10.349 ;
; SW[8]      ; HEX1[4]     ; 10.369 ; 10.369 ; 10.369 ; 10.369 ;
; SW[8]      ; HEX1[5]     ; 10.364 ; 10.364 ; 10.364 ; 10.364 ;
; SW[8]      ; LEDR[0]     ; 9.715  ; 9.715  ; 9.715  ; 9.715  ;
; SW[8]      ; LEDR[1]     ; 10.255 ; 10.255 ; 10.255 ; 10.255 ;
; SW[8]      ; LEDR[2]     ; 10.180 ; 10.180 ; 10.180 ; 10.180 ;
; SW[8]      ; LEDR[3]     ; 11.610 ; 11.610 ; 11.610 ; 11.610 ;
; SW[8]      ; LEDR[4]     ; 10.843 ;        ;        ; 10.843 ;
+------------+-------------+--------+--------+--------+--------+


----------------------------
; Fast Model Setup Summary ;
----------------------------
No paths to report.


---------------------------
; Fast Model Hold Summary ;
---------------------------
No paths to report.


-------------------------------
; Fast Model Recovery Summary ;
-------------------------------
No paths to report.


------------------------------
; Fast Model Removal Summary ;
------------------------------
No paths to report.


------------------------------------------
; Fast Model Minimum Pulse Width Summary ;
------------------------------------------
No paths to report.


+----------------------------------------------------------+
; Propagation Delay                                        ;
+------------+-------------+-------+-------+-------+-------+
; Input Port ; Output Port ; RR    ; RF    ; FR    ; FF    ;
+------------+-------------+-------+-------+-------+-------+
; SW[0]      ; HEX0[0]     ; 6.211 ; 6.211 ; 6.211 ; 6.211 ;
; SW[0]      ; HEX0[1]     ; 6.134 ; 6.134 ; 6.134 ; 6.134 ;
; SW[0]      ; HEX0[2]     ; 6.212 ; 6.211 ; 6.211 ; 6.212 ;
; SW[0]      ; HEX0[3]     ; 6.178 ; 6.178 ; 6.178 ; 6.178 ;
; SW[0]      ; HEX0[4]     ; 6.202 ; 6.202 ; 6.202 ; 6.202 ;
; SW[0]      ; HEX0[5]     ; 6.051 ; 6.051 ; 6.051 ; 6.051 ;
; SW[0]      ; HEX0[6]     ; 6.077 ; 6.077 ; 6.077 ; 6.077 ;
; SW[0]      ; HEX1[0]     ; 6.218 ; 5.673 ; 5.673 ; 6.218 ;
; SW[0]      ; HEX1[3]     ; 6.122 ; 5.577 ; 5.577 ; 6.122 ;
; SW[0]      ; HEX1[4]     ; 6.142 ; 5.597 ; 5.597 ; 6.142 ;
; SW[0]      ; HEX1[5]     ; 6.137 ; 5.592 ; 5.592 ; 6.137 ;
; SW[0]      ; HEX4[0]     ; 3.927 ; 3.927 ; 3.927 ; 3.927 ;
; SW[0]      ; HEX4[1]     ; 4.282 ; 4.282 ; 4.282 ; 4.282 ;
; SW[0]      ; HEX4[2]     ;       ; 4.147 ; 4.147 ;       ;
; SW[0]      ; HEX4[3]     ; 4.141 ; 4.141 ; 4.141 ; 4.141 ;
; SW[0]      ; HEX4[4]     ; 3.903 ;       ;       ; 3.903 ;
; SW[0]      ; HEX4[5]     ; 3.822 ;       ;       ; 3.822 ;
; SW[0]      ; HEX4[6]     ; 4.128 ;       ;       ; 4.128 ;
; SW[0]      ; LEDR[0]     ; 5.051 ; 5.051 ; 5.051 ; 5.051 ;
; SW[0]      ; LEDR[1]     ; 5.127 ; 5.127 ; 5.127 ; 5.127 ;
; SW[0]      ; LEDR[2]     ; 5.070 ; 5.070 ; 5.070 ; 5.070 ;
; SW[0]      ; LEDR[3]     ; 5.892 ; 5.892 ; 5.892 ; 5.892 ;
; SW[0]      ; LEDR[4]     ; 5.449 ;       ;       ; 5.449 ;
; SW[1]      ; HEX0[0]     ; 5.877 ; 5.877 ; 5.877 ; 5.877 ;
; SW[1]      ; HEX0[1]     ; 5.800 ; 5.800 ; 5.800 ; 5.800 ;
; SW[1]      ; HEX0[2]     ; 5.878 ; 5.877 ; 5.877 ; 5.878 ;
; SW[1]      ; HEX0[3]     ; 5.844 ; 5.844 ; 5.844 ; 5.844 ;
; SW[1]      ; HEX0[4]     ; 5.868 ; 5.868 ; 5.868 ; 5.868 ;
; SW[1]      ; HEX0[5]     ; 5.717 ; 5.717 ; 5.717 ; 5.717 ;
; SW[1]      ; HEX0[6]     ; 5.743 ; 5.743 ; 5.743 ; 5.743 ;
; SW[1]      ; HEX1[0]     ; 5.884 ; 5.339 ; 5.339 ; 5.884 ;
; SW[1]      ; HEX1[3]     ; 5.788 ; 5.243 ; 5.243 ; 5.788 ;
; SW[1]      ; HEX1[4]     ; 5.808 ; 5.263 ; 5.263 ; 5.808 ;
; SW[1]      ; HEX1[5]     ; 5.803 ; 5.258 ; 5.258 ; 5.803 ;
; SW[1]      ; HEX4[0]     ; 3.900 ; 3.900 ; 3.900 ; 3.900 ;
; SW[1]      ; HEX4[1]     ; 4.235 ; 4.235 ; 4.235 ; 4.235 ;
; SW[1]      ; HEX4[2]     ; 4.102 ;       ;       ; 4.102 ;
; SW[1]      ; HEX4[3]     ; 4.114 ; 4.114 ; 4.114 ; 4.114 ;
; SW[1]      ; HEX4[4]     ; 3.861 ; 3.861 ; 3.861 ; 3.861 ;
; SW[1]      ; HEX4[5]     ; 3.787 ;       ;       ; 3.787 ;
; SW[1]      ; HEX4[6]     ; 4.092 ; 4.092 ; 4.092 ; 4.092 ;
; SW[1]      ; LEDR[1]     ; 4.789 ; 4.789 ; 4.789 ; 4.789 ;
; SW[1]      ; LEDR[2]     ; 4.740 ; 4.740 ; 4.740 ; 4.740 ;
; SW[1]      ; LEDR[3]     ; 5.558 ; 5.558 ; 5.558 ; 5.558 ;
; SW[1]      ; LEDR[4]     ; 5.115 ;       ;       ; 5.115 ;
; SW[2]      ; HEX0[0]     ; 6.180 ; 6.180 ; 6.180 ; 6.180 ;
; SW[2]      ; HEX0[1]     ; 6.103 ; 6.103 ; 6.103 ; 6.103 ;
; SW[2]      ; HEX0[2]     ; 6.181 ; 6.181 ; 6.181 ; 6.181 ;
; SW[2]      ; HEX0[3]     ; 6.147 ; 6.147 ; 6.147 ; 6.147 ;
; SW[2]      ; HEX0[4]     ; 6.171 ; 6.171 ; 6.171 ; 6.171 ;
; SW[2]      ; HEX0[5]     ; 6.020 ; 6.020 ; 6.020 ; 6.020 ;
; SW[2]      ; HEX0[6]     ; 6.046 ; 6.046 ; 6.046 ; 6.046 ;
; SW[2]      ; HEX1[0]     ; 6.187 ; 6.187 ; 6.187 ; 6.187 ;
; SW[2]      ; HEX1[3]     ; 6.091 ; 6.091 ; 6.091 ; 6.091 ;
; SW[2]      ; HEX1[4]     ; 6.111 ; 6.111 ; 6.111 ; 6.111 ;
; SW[2]      ; HEX1[5]     ; 6.106 ; 6.106 ; 6.106 ; 6.106 ;
; SW[2]      ; HEX4[0]     ; 3.776 ; 3.776 ; 3.776 ; 3.776 ;
; SW[2]      ; HEX4[1]     ; 4.112 ;       ;       ; 4.112 ;
; SW[2]      ; HEX4[2]     ; 3.979 ; 3.979 ; 3.979 ; 3.979 ;
; SW[2]      ; HEX4[3]     ; 3.990 ; 3.990 ; 3.990 ; 3.990 ;
; SW[2]      ; HEX4[4]     ; 3.738 ;       ;       ; 3.738 ;
; SW[2]      ; HEX4[5]     ; 3.663 ; 3.663 ; 3.663 ; 3.663 ;
; SW[2]      ; HEX4[6]     ; 3.968 ; 3.968 ; 3.968 ; 3.968 ;
; SW[2]      ; LEDR[2]     ; 5.035 ; 5.035 ; 5.035 ; 5.035 ;
; SW[2]      ; LEDR[3]     ; 5.861 ; 5.861 ; 5.861 ; 5.861 ;
; SW[2]      ; LEDR[4]     ; 5.418 ; 5.418 ; 5.418 ; 5.418 ;
; SW[3]      ; HEX0[0]     ; 5.441 ; 5.441 ; 5.441 ; 5.441 ;
; SW[3]      ; HEX0[1]     ; 5.364 ; 5.364 ; 5.364 ; 5.364 ;
; SW[3]      ; HEX0[2]     ; 5.442 ; 5.441 ; 5.441 ; 5.442 ;
; SW[3]      ; HEX0[3]     ; 5.408 ; 5.408 ; 5.408 ; 5.408 ;
; SW[3]      ; HEX0[4]     ; 5.432 ; 5.432 ; 5.432 ; 5.432 ;
; SW[3]      ; HEX0[5]     ; 5.281 ; 5.281 ; 5.281 ; 5.281 ;
; SW[3]      ; HEX0[6]     ; 5.307 ; 5.307 ; 5.307 ; 5.307 ;
; SW[3]      ; HEX1[0]     ; 5.448 ; 4.896 ; 4.896 ; 5.448 ;
; SW[3]      ; HEX1[3]     ; 5.352 ; 4.800 ; 4.800 ; 5.352 ;
; SW[3]      ; HEX1[4]     ; 5.372 ; 4.820 ; 4.820 ; 5.372 ;
; SW[3]      ; HEX1[5]     ; 5.367 ; 4.815 ; 4.815 ; 5.367 ;
; SW[3]      ; HEX4[0]     ; 3.627 ; 3.627 ; 3.627 ; 3.627 ;
; SW[3]      ; HEX4[1]     ; 3.961 ;       ;       ; 3.961 ;
; SW[3]      ; HEX4[2]     ; 3.831 ;       ;       ; 3.831 ;
; SW[3]      ; HEX4[3]     ; 3.842 ;       ;       ; 3.842 ;
; SW[3]      ; HEX4[4]     ; 3.587 ;       ;       ; 3.587 ;
; SW[3]      ; HEX4[5]     ; 3.514 ; 3.514 ; 3.514 ; 3.514 ;
; SW[3]      ; HEX4[6]     ;       ; 3.819 ; 3.819 ;       ;
; SW[3]      ; LEDR[3]     ; 5.115 ; 5.115 ; 5.115 ; 5.115 ;
; SW[3]      ; LEDR[4]     ; 4.679 ;       ;       ; 4.679 ;
; SW[4]      ; HEX0[0]     ; 6.256 ; 6.256 ; 6.256 ; 6.256 ;
; SW[4]      ; HEX0[1]     ; 6.179 ; 6.179 ; 6.179 ; 6.179 ;
; SW[4]      ; HEX0[2]     ; 6.257 ; 6.256 ; 6.256 ; 6.257 ;
; SW[4]      ; HEX0[3]     ; 6.223 ; 6.223 ; 6.223 ; 6.223 ;
; SW[4]      ; HEX0[4]     ; 6.247 ; 6.247 ; 6.247 ; 6.247 ;
; SW[4]      ; HEX0[5]     ; 6.096 ; 6.096 ; 6.096 ; 6.096 ;
; SW[4]      ; HEX0[6]     ; 6.122 ; 6.122 ; 6.122 ; 6.122 ;
; SW[4]      ; HEX1[0]     ; 6.263 ; 5.718 ; 5.718 ; 6.263 ;
; SW[4]      ; HEX1[3]     ; 6.167 ; 5.622 ; 5.622 ; 6.167 ;
; SW[4]      ; HEX1[4]     ; 6.187 ; 5.642 ; 5.642 ; 6.187 ;
; SW[4]      ; HEX1[5]     ; 6.182 ; 5.637 ; 5.637 ; 6.182 ;
; SW[4]      ; HEX5[0]     ; 3.519 ; 3.519 ; 3.519 ; 3.519 ;
; SW[4]      ; HEX5[1]     ; 3.536 ; 3.536 ; 3.536 ; 3.536 ;
; SW[4]      ; HEX5[2]     ;       ; 3.536 ; 3.536 ;       ;
; SW[4]      ; HEX5[3]     ; 3.447 ; 3.447 ; 3.447 ; 3.447 ;
; SW[4]      ; HEX5[4]     ; 3.425 ;       ;       ; 3.425 ;
; SW[4]      ; HEX5[5]     ; 3.426 ;       ;       ; 3.426 ;
; SW[4]      ; HEX5[6]     ; 3.552 ;       ;       ; 3.552 ;
; SW[4]      ; LEDR[0]     ; 5.087 ; 5.087 ; 5.087 ; 5.087 ;
; SW[4]      ; LEDR[1]     ; 5.172 ; 5.172 ; 5.172 ; 5.172 ;
; SW[4]      ; LEDR[2]     ; 5.115 ; 5.115 ; 5.115 ; 5.115 ;
; SW[4]      ; LEDR[3]     ; 5.937 ; 5.937 ; 5.937 ; 5.937 ;
; SW[4]      ; LEDR[4]     ; 5.494 ;       ;       ; 5.494 ;
; SW[5]      ; HEX0[0]     ; 5.820 ; 5.820 ; 5.820 ; 5.820 ;
; SW[5]      ; HEX0[1]     ; 5.743 ; 5.743 ; 5.743 ; 5.743 ;
; SW[5]      ; HEX0[2]     ; 5.821 ; 5.820 ; 5.820 ; 5.821 ;
; SW[5]      ; HEX0[3]     ; 5.787 ; 5.787 ; 5.787 ; 5.787 ;
; SW[5]      ; HEX0[4]     ; 5.811 ; 5.811 ; 5.811 ; 5.811 ;
; SW[5]      ; HEX0[5]     ; 5.660 ; 5.660 ; 5.660 ; 5.660 ;
; SW[5]      ; HEX0[6]     ; 5.686 ; 5.686 ; 5.686 ; 5.686 ;
; SW[5]      ; HEX1[0]     ; 5.827 ; 5.282 ; 5.282 ; 5.827 ;
; SW[5]      ; HEX1[3]     ; 5.731 ; 5.186 ; 5.186 ; 5.731 ;
; SW[5]      ; HEX1[4]     ; 5.751 ; 5.206 ; 5.206 ; 5.751 ;
; SW[5]      ; HEX1[5]     ; 5.746 ; 5.201 ; 5.201 ; 5.746 ;
; SW[5]      ; HEX5[0]     ; 3.637 ; 3.637 ; 3.637 ; 3.637 ;
; SW[5]      ; HEX5[1]     ; 3.655 ; 3.655 ; 3.655 ; 3.655 ;
; SW[5]      ; HEX5[2]     ; 3.654 ;       ;       ; 3.654 ;
; SW[5]      ; HEX5[3]     ; 3.565 ; 3.565 ; 3.565 ; 3.565 ;
; SW[5]      ; HEX5[4]     ; 3.544 ; 3.544 ; 3.544 ; 3.544 ;
; SW[5]      ; HEX5[5]     ; 3.545 ;       ;       ; 3.545 ;
; SW[5]      ; HEX5[6]     ; 3.670 ; 3.670 ; 3.670 ; 3.670 ;
; SW[5]      ; LEDR[1]     ; 4.733 ; 4.733 ; 4.733 ; 4.733 ;
; SW[5]      ; LEDR[2]     ; 4.682 ; 4.682 ; 4.682 ; 4.682 ;
; SW[5]      ; LEDR[3]     ; 5.501 ; 5.501 ; 5.501 ; 5.501 ;
; SW[5]      ; LEDR[4]     ; 5.058 ;       ;       ; 5.058 ;
; SW[6]      ; HEX0[0]     ; 5.977 ; 5.977 ; 5.977 ; 5.977 ;
; SW[6]      ; HEX0[1]     ; 5.900 ; 5.900 ; 5.900 ; 5.900 ;
; SW[6]      ; HEX0[2]     ; 5.978 ; 5.978 ; 5.978 ; 5.978 ;
; SW[6]      ; HEX0[3]     ; 5.944 ; 5.944 ; 5.944 ; 5.944 ;
; SW[6]      ; HEX0[4]     ; 5.968 ; 5.968 ; 5.968 ; 5.968 ;
; SW[6]      ; HEX0[5]     ; 5.817 ; 5.817 ; 5.817 ; 5.817 ;
; SW[6]      ; HEX0[6]     ; 5.843 ; 5.843 ; 5.843 ; 5.843 ;
; SW[6]      ; HEX1[0]     ; 5.984 ; 5.984 ; 5.984 ; 5.984 ;
; SW[6]      ; HEX1[3]     ; 5.888 ; 5.888 ; 5.888 ; 5.888 ;
; SW[6]      ; HEX1[4]     ; 5.908 ; 5.908 ; 5.908 ; 5.908 ;
; SW[6]      ; HEX1[5]     ; 5.903 ; 5.903 ; 5.903 ; 5.903 ;
; SW[6]      ; HEX5[0]     ; 3.411 ; 3.411 ; 3.411 ; 3.411 ;
; SW[6]      ; HEX5[1]     ; 3.429 ;       ;       ; 3.429 ;
; SW[6]      ; HEX5[2]     ; 3.428 ; 3.428 ; 3.428 ; 3.428 ;
; SW[6]      ; HEX5[3]     ; 3.332 ; 3.332 ; 3.332 ; 3.332 ;
; SW[6]      ; HEX5[4]     ; 3.301 ;       ;       ; 3.301 ;
; SW[6]      ; HEX5[5]     ; 3.303 ; 3.303 ; 3.303 ; 3.303 ;
; SW[6]      ; HEX5[6]     ; 3.435 ; 3.435 ; 3.435 ; 3.435 ;
; SW[6]      ; LEDR[2]     ; 4.832 ; 4.832 ; 4.832 ; 4.832 ;
; SW[6]      ; LEDR[3]     ; 5.658 ; 5.658 ; 5.658 ; 5.658 ;
; SW[6]      ; LEDR[4]     ; 5.215 ; 5.215 ; 5.215 ; 5.215 ;
; SW[7]      ; HEX0[0]     ; 5.958 ; 5.958 ; 5.958 ; 5.958 ;
; SW[7]      ; HEX0[1]     ; 5.881 ; 5.881 ; 5.881 ; 5.881 ;
; SW[7]      ; HEX0[2]     ; 5.959 ; 5.958 ; 5.958 ; 5.959 ;
; SW[7]      ; HEX0[3]     ; 5.925 ; 5.925 ; 5.925 ; 5.925 ;
; SW[7]      ; HEX0[4]     ; 5.949 ; 5.949 ; 5.949 ; 5.949 ;
; SW[7]      ; HEX0[5]     ; 5.798 ; 5.798 ; 5.798 ; 5.798 ;
; SW[7]      ; HEX0[6]     ; 5.824 ; 5.824 ; 5.824 ; 5.824 ;
; SW[7]      ; HEX1[0]     ; 5.965 ; 5.418 ; 5.418 ; 5.965 ;
; SW[7]      ; HEX1[3]     ; 5.869 ; 5.322 ; 5.322 ; 5.869 ;
; SW[7]      ; HEX1[4]     ; 5.889 ; 5.342 ; 5.342 ; 5.889 ;
; SW[7]      ; HEX1[5]     ; 5.884 ; 5.337 ; 5.337 ; 5.884 ;
; SW[7]      ; HEX5[0]     ; 3.615 ; 3.615 ; 3.615 ; 3.615 ;
; SW[7]      ; HEX5[1]     ; 3.632 ;       ;       ; 3.632 ;
; SW[7]      ; HEX5[2]     ; 3.637 ;       ;       ; 3.637 ;
; SW[7]      ; HEX5[3]     ; 3.537 ;       ;       ; 3.537 ;
; SW[7]      ; HEX5[4]     ; 3.507 ;       ;       ; 3.507 ;
; SW[7]      ; HEX5[5]     ; 3.509 ; 3.509 ; 3.509 ; 3.509 ;
; SW[7]      ; HEX5[6]     ;       ; 3.640 ; 3.640 ;       ;
; SW[7]      ; LEDR[3]     ; 5.637 ; 5.637 ; 5.637 ; 5.637 ;
; SW[7]      ; LEDR[4]     ; 5.196 ;       ;       ; 5.196 ;
; SW[8]      ; HEX0[0]     ; 6.317 ; 6.317 ; 6.317 ; 6.317 ;
; SW[8]      ; HEX0[1]     ; 6.240 ; 6.240 ; 6.240 ; 6.240 ;
; SW[8]      ; HEX0[2]     ; 6.318 ; 6.317 ; 6.317 ; 6.318 ;
; SW[8]      ; HEX0[3]     ; 6.284 ; 6.284 ; 6.284 ; 6.284 ;
; SW[8]      ; HEX0[4]     ; 6.308 ; 6.308 ; 6.308 ; 6.308 ;
; SW[8]      ; HEX0[5]     ; 6.157 ; 6.157 ; 6.157 ; 6.157 ;
; SW[8]      ; HEX0[6]     ; 6.183 ; 6.183 ; 6.183 ; 6.183 ;
; SW[8]      ; HEX1[0]     ; 6.324 ; 5.779 ; 5.779 ; 6.324 ;
; SW[8]      ; HEX1[3]     ; 6.228 ; 5.683 ; 5.683 ; 6.228 ;
; SW[8]      ; HEX1[4]     ; 6.248 ; 5.703 ; 5.703 ; 6.248 ;
; SW[8]      ; HEX1[5]     ; 6.243 ; 5.698 ; 5.698 ; 6.243 ;
; SW[8]      ; LEDR[0]     ; 5.149 ; 5.149 ; 5.149 ; 5.149 ;
; SW[8]      ; LEDR[1]     ; 5.233 ; 5.233 ; 5.233 ; 5.233 ;
; SW[8]      ; LEDR[2]     ; 5.176 ; 5.176 ; 5.176 ; 5.176 ;
; SW[8]      ; LEDR[3]     ; 5.998 ; 5.998 ; 5.998 ; 5.998 ;
; SW[8]      ; LEDR[4]     ; 5.555 ;       ;       ; 5.555 ;
+------------+-------------+-------+-------+-------+-------+


+----------------------------------------------------------+
; Minimum Propagation Delay                                ;
+------------+-------------+-------+-------+-------+-------+
; Input Port ; Output Port ; RR    ; RF    ; FR    ; FF    ;
+------------+-------------+-------+-------+-------+-------+
; SW[0]      ; HEX0[0]     ; 4.645 ; 4.645 ; 4.645 ; 4.645 ;
; SW[0]      ; HEX0[1]     ; 4.562 ; 4.562 ; 4.562 ; 4.562 ;
; SW[0]      ; HEX0[2]     ; 4.652 ; 4.652 ; 4.652 ; 4.652 ;
; SW[0]      ; HEX0[3]     ; 4.605 ; 4.605 ; 4.605 ; 4.605 ;
; SW[0]      ; HEX0[4]     ; 4.636 ; 4.636 ; 4.636 ; 4.636 ;
; SW[0]      ; HEX0[5]     ; 4.482 ; 4.482 ; 4.482 ; 4.482 ;
; SW[0]      ; HEX0[6]     ; 4.518 ; 4.518 ; 4.518 ; 4.518 ;
; SW[0]      ; HEX1[0]     ; 5.222 ; 5.222 ; 5.222 ; 5.222 ;
; SW[0]      ; HEX1[3]     ; 5.126 ; 5.126 ; 5.126 ; 5.126 ;
; SW[0]      ; HEX1[4]     ; 5.146 ; 5.146 ; 5.146 ; 5.146 ;
; SW[0]      ; HEX1[5]     ; 5.141 ; 5.141 ; 5.141 ; 5.141 ;
; SW[0]      ; HEX4[0]     ; 3.927 ; 3.927 ; 3.927 ; 3.927 ;
; SW[0]      ; HEX4[1]     ; 4.282 ; 4.282 ; 4.282 ; 4.282 ;
; SW[0]      ; HEX4[2]     ;       ; 4.147 ; 4.147 ;       ;
; SW[0]      ; HEX4[3]     ; 4.141 ; 4.141 ; 4.141 ; 4.141 ;
; SW[0]      ; HEX4[4]     ; 3.903 ;       ;       ; 3.903 ;
; SW[0]      ; HEX4[5]     ; 3.822 ;       ;       ; 3.822 ;
; SW[0]      ; HEX4[6]     ; 4.128 ;       ;       ; 4.128 ;
; SW[0]      ; LEDR[0]     ; 5.051 ; 5.051 ; 5.051 ; 5.051 ;
; SW[0]      ; LEDR[1]     ; 5.127 ; 5.127 ; 5.127 ; 5.127 ;
; SW[0]      ; LEDR[2]     ; 5.070 ; 5.070 ; 5.070 ; 5.070 ;
; SW[0]      ; LEDR[3]     ; 5.892 ; 5.892 ; 5.892 ; 5.892 ;
; SW[0]      ; LEDR[4]     ; 5.449 ;       ;       ; 5.449 ;
; SW[1]      ; HEX0[0]     ; 4.464 ; 4.464 ; 4.464 ; 4.464 ;
; SW[1]      ; HEX0[1]     ; 4.428 ; 4.428 ; 4.428 ; 4.428 ;
; SW[1]      ; HEX0[2]     ; 4.649 ; 4.649 ; 4.649 ; 4.649 ;
; SW[1]      ; HEX0[3]     ; 4.483 ; 4.483 ; 4.483 ; 4.483 ;
; SW[1]      ; HEX0[4]     ; 4.455 ; 4.455 ; 4.455 ; 4.455 ;
; SW[1]      ; HEX0[5]     ; 4.472 ; 4.472 ; 4.472 ; 4.472 ;
; SW[1]      ; HEX0[6]     ; 4.333 ; 4.333 ; 4.333 ; 4.333 ;
; SW[1]      ; HEX1[0]     ; 4.892 ; 4.892 ; 4.892 ; 4.892 ;
; SW[1]      ; HEX1[3]     ; 4.796 ; 4.796 ; 4.796 ; 4.796 ;
; SW[1]      ; HEX1[4]     ; 4.816 ; 4.816 ; 4.816 ; 4.816 ;
; SW[1]      ; HEX1[5]     ; 4.811 ; 4.811 ; 4.811 ; 4.811 ;
; SW[1]      ; HEX4[0]     ; 3.900 ; 3.900 ; 3.900 ; 3.900 ;
; SW[1]      ; HEX4[1]     ; 4.235 ; 4.235 ; 4.235 ; 4.235 ;
; SW[1]      ; HEX4[2]     ; 4.102 ;       ;       ; 4.102 ;
; SW[1]      ; HEX4[3]     ; 4.114 ; 4.114 ; 4.114 ; 4.114 ;
; SW[1]      ; HEX4[4]     ; 3.861 ; 3.861 ; 3.861 ; 3.861 ;
; SW[1]      ; HEX4[5]     ; 3.787 ;       ;       ; 3.787 ;
; SW[1]      ; HEX4[6]     ; 4.092 ; 4.092 ; 4.092 ; 4.092 ;
; SW[1]      ; LEDR[1]     ; 4.789 ; 4.789 ; 4.789 ; 4.789 ;
; SW[1]      ; LEDR[2]     ; 4.740 ; 4.740 ; 4.740 ; 4.740 ;
; SW[1]      ; LEDR[3]     ; 5.558 ; 5.558 ; 5.558 ; 5.558 ;
; SW[1]      ; LEDR[4]     ; 5.115 ;       ;       ; 5.115 ;
; SW[2]      ; HEX0[0]     ; 4.759 ; 4.759 ; 4.759 ; 4.759 ;
; SW[2]      ; HEX0[1]     ; 4.723 ; 4.723 ; 4.723 ; 4.723 ;
; SW[2]      ; HEX0[2]     ; 4.944 ; 4.944 ; 4.944 ; 4.944 ;
; SW[2]      ; HEX0[3]     ; 4.778 ; 4.778 ; 4.778 ; 4.778 ;
; SW[2]      ; HEX0[4]     ; 4.750 ; 4.750 ; 4.750 ; 4.750 ;
; SW[2]      ; HEX0[5]     ; 4.767 ; 4.767 ; 4.767 ; 4.767 ;
; SW[2]      ; HEX0[6]     ; 4.628 ; 4.628 ; 4.628 ; 4.628 ;
; SW[2]      ; HEX1[0]     ; 5.187 ; 5.187 ; 5.187 ; 5.187 ;
; SW[2]      ; HEX1[3]     ; 5.091 ; 5.091 ; 5.091 ; 5.091 ;
; SW[2]      ; HEX1[4]     ; 5.111 ; 5.111 ; 5.111 ; 5.111 ;
; SW[2]      ; HEX1[5]     ; 5.106 ; 5.106 ; 5.106 ; 5.106 ;
; SW[2]      ; HEX4[0]     ; 3.776 ; 3.776 ; 3.776 ; 3.776 ;
; SW[2]      ; HEX4[1]     ; 4.112 ;       ;       ; 4.112 ;
; SW[2]      ; HEX4[2]     ; 3.979 ; 3.979 ; 3.979 ; 3.979 ;
; SW[2]      ; HEX4[3]     ; 3.990 ; 3.990 ; 3.990 ; 3.990 ;
; SW[2]      ; HEX4[4]     ; 3.738 ;       ;       ; 3.738 ;
; SW[2]      ; HEX4[5]     ; 3.663 ; 3.663 ; 3.663 ; 3.663 ;
; SW[2]      ; HEX4[6]     ; 3.968 ; 3.968 ; 3.968 ; 3.968 ;
; SW[2]      ; LEDR[2]     ; 5.035 ; 5.035 ; 5.035 ; 5.035 ;
; SW[2]      ; LEDR[3]     ; 5.540 ; 5.540 ; 5.540 ; 5.540 ;
; SW[2]      ; LEDR[4]     ; 5.103 ; 5.418 ; 5.418 ; 5.103 ;
; SW[3]      ; HEX0[0]     ; 4.480 ; 4.480 ; 4.480 ; 4.480 ;
; SW[3]      ; HEX0[1]     ; 4.444 ; 4.444 ; 4.444 ; 4.444 ;
; SW[3]      ; HEX0[2]     ; 4.665 ; 4.665 ; 4.665 ; 4.665 ;
; SW[3]      ; HEX0[3]     ; 4.499 ; 4.499 ; 4.499 ; 4.499 ;
; SW[3]      ; HEX0[4]     ; 4.471 ; 4.471 ; 4.471 ; 4.471 ;
; SW[3]      ; HEX0[5]     ; 4.488 ; 4.488 ; 4.488 ; 4.488 ;
; SW[3]      ; HEX0[6]     ; 4.349 ; 4.349 ; 4.349 ; 4.349 ;
; SW[3]      ; HEX1[0]     ; 4.896 ; 4.896 ; 4.896 ; 4.896 ;
; SW[3]      ; HEX1[3]     ; 4.800 ; 4.800 ; 4.800 ; 4.800 ;
; SW[3]      ; HEX1[4]     ; 4.820 ; 4.820 ; 4.820 ; 4.820 ;
; SW[3]      ; HEX1[5]     ; 4.815 ; 4.815 ; 4.815 ; 4.815 ;
; SW[3]      ; HEX4[0]     ; 3.627 ; 3.627 ; 3.627 ; 3.627 ;
; SW[3]      ; HEX4[1]     ; 3.961 ;       ;       ; 3.961 ;
; SW[3]      ; HEX4[2]     ; 3.831 ;       ;       ; 3.831 ;
; SW[3]      ; HEX4[3]     ; 3.842 ;       ;       ; 3.842 ;
; SW[3]      ; HEX4[4]     ; 3.587 ;       ;       ; 3.587 ;
; SW[3]      ; HEX4[5]     ; 3.514 ; 3.514 ; 3.514 ; 3.514 ;
; SW[3]      ; HEX4[6]     ;       ; 3.819 ; 3.819 ;       ;
; SW[3]      ; LEDR[3]     ; 5.115 ; 5.115 ; 5.115 ; 5.115 ;
; SW[3]      ; LEDR[4]     ; 4.679 ;       ;       ; 4.679 ;
; SW[4]      ; HEX0[0]     ; 4.681 ; 4.681 ; 4.681 ; 4.681 ;
; SW[4]      ; HEX0[1]     ; 4.598 ; 4.598 ; 4.598 ; 4.598 ;
; SW[4]      ; HEX0[2]     ; 4.688 ; 4.688 ; 4.688 ; 4.688 ;
; SW[4]      ; HEX0[3]     ; 4.641 ; 4.641 ; 4.641 ; 4.641 ;
; SW[4]      ; HEX0[4]     ; 4.672 ; 4.672 ; 4.672 ; 4.672 ;
; SW[4]      ; HEX0[5]     ; 4.518 ; 4.518 ; 4.518 ; 4.518 ;
; SW[4]      ; HEX0[6]     ; 4.554 ; 4.554 ; 4.554 ; 4.554 ;
; SW[4]      ; HEX1[0]     ; 5.267 ; 5.267 ; 5.267 ; 5.267 ;
; SW[4]      ; HEX1[3]     ; 5.171 ; 5.171 ; 5.171 ; 5.171 ;
; SW[4]      ; HEX1[4]     ; 5.191 ; 5.191 ; 5.191 ; 5.191 ;
; SW[4]      ; HEX1[5]     ; 5.186 ; 5.186 ; 5.186 ; 5.186 ;
; SW[4]      ; HEX5[0]     ; 3.519 ; 3.519 ; 3.519 ; 3.519 ;
; SW[4]      ; HEX5[1]     ; 3.536 ; 3.536 ; 3.536 ; 3.536 ;
; SW[4]      ; HEX5[2]     ;       ; 3.536 ; 3.536 ;       ;
; SW[4]      ; HEX5[3]     ; 3.447 ; 3.447 ; 3.447 ; 3.447 ;
; SW[4]      ; HEX5[4]     ; 3.425 ;       ;       ; 3.425 ;
; SW[4]      ; HEX5[5]     ; 3.426 ;       ;       ; 3.426 ;
; SW[4]      ; HEX5[6]     ; 3.552 ;       ;       ; 3.552 ;
; SW[4]      ; LEDR[0]     ; 5.087 ; 5.087 ; 5.087 ; 5.087 ;
; SW[4]      ; LEDR[1]     ; 5.172 ; 5.172 ; 5.172 ; 5.172 ;
; SW[4]      ; LEDR[2]     ; 5.115 ; 5.115 ; 5.115 ; 5.115 ;
; SW[4]      ; LEDR[3]     ; 5.937 ; 5.937 ; 5.937 ; 5.937 ;
; SW[4]      ; LEDR[4]     ; 5.494 ;       ;       ; 5.494 ;
; SW[5]      ; HEX0[0]     ; 4.406 ; 4.406 ; 4.406 ; 4.406 ;
; SW[5]      ; HEX0[1]     ; 4.370 ; 4.370 ; 4.370 ; 4.370 ;
; SW[5]      ; HEX0[2]     ; 4.591 ; 4.591 ; 4.591 ; 4.591 ;
; SW[5]      ; HEX0[3]     ; 4.425 ; 4.425 ; 4.425 ; 4.425 ;
; SW[5]      ; HEX0[4]     ; 4.397 ; 4.397 ; 4.397 ; 4.397 ;
; SW[5]      ; HEX0[5]     ; 4.414 ; 4.414 ; 4.414 ; 4.414 ;
; SW[5]      ; HEX0[6]     ; 4.275 ; 4.275 ; 4.275 ; 4.275 ;
; SW[5]      ; HEX1[0]     ; 4.834 ; 4.834 ; 4.834 ; 4.834 ;
; SW[5]      ; HEX1[3]     ; 4.738 ; 4.738 ; 4.738 ; 4.738 ;
; SW[5]      ; HEX1[4]     ; 4.758 ; 4.758 ; 4.758 ; 4.758 ;
; SW[5]      ; HEX1[5]     ; 4.753 ; 4.753 ; 4.753 ; 4.753 ;
; SW[5]      ; HEX5[0]     ; 3.637 ; 3.637 ; 3.637 ; 3.637 ;
; SW[5]      ; HEX5[1]     ; 3.655 ; 3.655 ; 3.655 ; 3.655 ;
; SW[5]      ; HEX5[2]     ; 3.654 ;       ;       ; 3.654 ;
; SW[5]      ; HEX5[3]     ; 3.565 ; 3.565 ; 3.565 ; 3.565 ;
; SW[5]      ; HEX5[4]     ; 3.544 ; 3.544 ; 3.544 ; 3.544 ;
; SW[5]      ; HEX5[5]     ; 3.545 ;       ;       ; 3.545 ;
; SW[5]      ; HEX5[6]     ; 3.670 ; 3.670 ; 3.670 ; 3.670 ;
; SW[5]      ; LEDR[1]     ; 4.733 ; 4.733 ; 4.733 ; 4.733 ;
; SW[5]      ; LEDR[2]     ; 4.682 ; 4.682 ; 4.682 ; 4.682 ;
; SW[5]      ; LEDR[3]     ; 5.501 ; 5.501 ; 5.501 ; 5.501 ;
; SW[5]      ; LEDR[4]     ; 5.058 ;       ;       ; 5.058 ;
; SW[6]      ; HEX0[0]     ; 4.556 ; 4.556 ; 4.556 ; 4.556 ;
; SW[6]      ; HEX0[1]     ; 4.520 ; 4.520 ; 4.520 ; 4.520 ;
; SW[6]      ; HEX0[2]     ; 4.741 ; 4.741 ; 4.741 ; 4.741 ;
; SW[6]      ; HEX0[3]     ; 4.575 ; 4.575 ; 4.575 ; 4.575 ;
; SW[6]      ; HEX0[4]     ; 4.547 ; 4.547 ; 4.547 ; 4.547 ;
; SW[6]      ; HEX0[5]     ; 4.564 ; 4.564 ; 4.564 ; 4.564 ;
; SW[6]      ; HEX0[6]     ; 4.425 ; 4.425 ; 4.425 ; 4.425 ;
; SW[6]      ; HEX1[0]     ; 4.984 ; 4.984 ; 4.984 ; 4.984 ;
; SW[6]      ; HEX1[3]     ; 4.888 ; 4.888 ; 4.888 ; 4.888 ;
; SW[6]      ; HEX1[4]     ; 4.908 ; 4.908 ; 4.908 ; 4.908 ;
; SW[6]      ; HEX1[5]     ; 4.903 ; 4.903 ; 4.903 ; 4.903 ;
; SW[6]      ; HEX5[0]     ; 3.411 ; 3.411 ; 3.411 ; 3.411 ;
; SW[6]      ; HEX5[1]     ; 3.429 ;       ;       ; 3.429 ;
; SW[6]      ; HEX5[2]     ; 3.428 ; 3.428 ; 3.428 ; 3.428 ;
; SW[6]      ; HEX5[3]     ; 3.332 ; 3.332 ; 3.332 ; 3.332 ;
; SW[6]      ; HEX5[4]     ; 3.301 ;       ;       ; 3.301 ;
; SW[6]      ; HEX5[5]     ; 3.303 ; 3.303 ; 3.303 ; 3.303 ;
; SW[6]      ; HEX5[6]     ; 3.435 ; 3.435 ; 3.435 ; 3.435 ;
; SW[6]      ; LEDR[2]     ; 4.832 ; 4.832 ; 4.832 ; 4.832 ;
; SW[6]      ; LEDR[3]     ; 5.372 ; 5.372 ; 5.372 ; 5.372 ;
; SW[6]      ; LEDR[4]     ; 4.935 ; 5.215 ; 5.215 ; 4.935 ;
; SW[7]      ; HEX0[0]     ; 5.002 ; 5.002 ; 5.002 ; 5.002 ;
; SW[7]      ; HEX0[1]     ; 4.966 ; 4.966 ; 4.966 ; 4.966 ;
; SW[7]      ; HEX0[2]     ; 5.187 ; 5.187 ; 5.187 ; 5.187 ;
; SW[7]      ; HEX0[3]     ; 5.021 ; 5.021 ; 5.021 ; 5.021 ;
; SW[7]      ; HEX0[4]     ; 4.993 ; 4.993 ; 4.993 ; 4.993 ;
; SW[7]      ; HEX0[5]     ; 5.010 ; 5.010 ; 5.010 ; 5.010 ;
; SW[7]      ; HEX0[6]     ; 4.871 ; 4.871 ; 4.871 ; 4.871 ;
; SW[7]      ; HEX1[0]     ; 5.418 ; 5.418 ; 5.418 ; 5.418 ;
; SW[7]      ; HEX1[3]     ; 5.322 ; 5.322 ; 5.322 ; 5.322 ;
; SW[7]      ; HEX1[4]     ; 5.342 ; 5.342 ; 5.342 ; 5.342 ;
; SW[7]      ; HEX1[5]     ; 5.337 ; 5.337 ; 5.337 ; 5.337 ;
; SW[7]      ; HEX5[0]     ; 3.615 ; 3.615 ; 3.615 ; 3.615 ;
; SW[7]      ; HEX5[1]     ; 3.632 ;       ;       ; 3.632 ;
; SW[7]      ; HEX5[2]     ; 3.637 ;       ;       ; 3.637 ;
; SW[7]      ; HEX5[3]     ; 3.537 ;       ;       ; 3.537 ;
; SW[7]      ; HEX5[4]     ; 3.507 ;       ;       ; 3.507 ;
; SW[7]      ; HEX5[5]     ; 3.509 ; 3.509 ; 3.509 ; 3.509 ;
; SW[7]      ; HEX5[6]     ;       ; 3.640 ; 3.640 ;       ;
; SW[7]      ; LEDR[3]     ; 5.637 ; 5.637 ; 5.637 ; 5.637 ;
; SW[7]      ; LEDR[4]     ; 5.196 ;       ;       ; 5.196 ;
; SW[8]      ; HEX0[0]     ; 4.743 ; 4.743 ; 4.743 ; 4.743 ;
; SW[8]      ; HEX0[1]     ; 4.660 ; 4.660 ; 4.660 ; 4.660 ;
; SW[8]      ; HEX0[2]     ; 4.750 ; 4.750 ; 4.750 ; 4.750 ;
; SW[8]      ; HEX0[3]     ; 4.703 ; 4.703 ; 4.703 ; 4.703 ;
; SW[8]      ; HEX0[4]     ; 4.734 ; 4.734 ; 4.734 ; 4.734 ;
; SW[8]      ; HEX0[5]     ; 4.580 ; 4.580 ; 4.580 ; 4.580 ;
; SW[8]      ; HEX0[6]     ; 4.616 ; 4.616 ; 4.616 ; 4.616 ;
; SW[8]      ; HEX1[0]     ; 5.328 ; 5.328 ; 5.328 ; 5.328 ;
; SW[8]      ; HEX1[3]     ; 5.232 ; 5.232 ; 5.232 ; 5.232 ;
; SW[8]      ; HEX1[4]     ; 5.252 ; 5.252 ; 5.252 ; 5.252 ;
; SW[8]      ; HEX1[5]     ; 5.247 ; 5.247 ; 5.247 ; 5.247 ;
; SW[8]      ; LEDR[0]     ; 5.149 ; 5.149 ; 5.149 ; 5.149 ;
; SW[8]      ; LEDR[1]     ; 5.233 ; 5.233 ; 5.233 ; 5.233 ;
; SW[8]      ; LEDR[2]     ; 5.176 ; 5.176 ; 5.176 ; 5.176 ;
; SW[8]      ; LEDR[3]     ; 5.998 ; 5.998 ; 5.998 ; 5.998 ;
; SW[8]      ; LEDR[4]     ; 5.555 ;       ;       ; 5.555 ;
+------------+-------------+-------+-------+-------+-------+


+----------------------------------------------------------------------------+
; Multicorner Timing Analysis Summary                                        ;
+------------------+-------+------+----------+---------+---------------------+
; Clock            ; Setup ; Hold ; Recovery ; Removal ; Minimum Pulse Width ;
+------------------+-------+------+----------+---------+---------------------+
; Worst-case Slack ; N/A   ; N/A  ; N/A      ; N/A     ; N/A                 ;
; Design-wide TNS  ; 0.0   ; 0.0  ; 0.0      ; 0.0     ; 0.0                 ;
+------------------+-------+------+----------+---------+---------------------+


+--------------------------------------------------------------+
; Progagation Delay                                            ;
+------------+-------------+--------+--------+--------+--------+
; Input Port ; Output Port ; RR     ; RF     ; FR     ; FF     ;
+------------+-------------+--------+--------+--------+--------+
; SW[0]      ; HEX0[0]     ; 12.719 ; 12.719 ; 12.719 ; 12.719 ;
; SW[0]      ; HEX0[1]     ; 12.537 ; 12.537 ; 12.537 ; 12.537 ;
; SW[0]      ; HEX0[2]     ; 12.722 ; 12.722 ; 12.722 ; 12.722 ;
; SW[0]      ; HEX0[3]     ; 12.657 ; 12.657 ; 12.657 ; 12.657 ;
; SW[0]      ; HEX0[4]     ; 12.707 ; 12.707 ; 12.707 ; 12.707 ;
; SW[0]      ; HEX0[5]     ; 12.374 ; 12.374 ; 12.374 ; 12.374 ;
; SW[0]      ; HEX0[6]     ; 12.450 ; 12.450 ; 12.450 ; 12.450 ;
; SW[0]      ; HEX1[0]     ; 12.533 ; 11.474 ; 11.474 ; 12.533 ;
; SW[0]      ; HEX1[3]     ; 12.414 ; 11.355 ; 11.355 ; 12.414 ;
; SW[0]      ; HEX1[4]     ; 12.434 ; 11.375 ; 11.375 ; 12.434 ;
; SW[0]      ; HEX1[5]     ; 12.429 ; 11.370 ; 11.370 ; 12.429 ;
; SW[0]      ; HEX4[0]     ; 7.646  ; 7.646  ; 7.646  ; 7.646  ;
; SW[0]      ; HEX4[1]     ; 8.394  ; 8.394  ; 8.394  ; 8.394  ;
; SW[0]      ; HEX4[2]     ;        ; 8.134  ; 8.134  ;        ;
; SW[0]      ; HEX4[3]     ; 8.227  ; 8.227  ; 8.227  ; 8.227  ;
; SW[0]      ; HEX4[4]     ; 7.588  ;        ;        ; 7.588  ;
; SW[0]      ; HEX4[5]     ; 7.389  ;        ;        ; 7.389  ;
; SW[0]      ; HEX4[6]     ; 8.110  ;        ;        ; 8.110  ;
; SW[0]      ; LEDR[0]     ; 9.676  ; 9.676  ; 9.676  ; 9.676  ;
; SW[0]      ; LEDR[1]     ; 10.208 ; 10.208 ; 10.208 ; 10.208 ;
; SW[0]      ; LEDR[2]     ; 10.133 ; 10.133 ; 10.133 ; 10.133 ;
; SW[0]      ; LEDR[3]     ; 11.563 ; 11.563 ; 11.563 ; 11.563 ;
; SW[0]      ; LEDR[4]     ; 10.796 ;        ;        ; 10.796 ;
; SW[1]      ; HEX0[0]     ; 11.982 ; 11.982 ; 11.982 ; 11.982 ;
; SW[1]      ; HEX0[1]     ; 11.800 ; 11.800 ; 11.800 ; 11.800 ;
; SW[1]      ; HEX0[2]     ; 11.985 ; 11.985 ; 11.985 ; 11.985 ;
; SW[1]      ; HEX0[3]     ; 11.920 ; 11.920 ; 11.920 ; 11.920 ;
; SW[1]      ; HEX0[4]     ; 11.970 ; 11.970 ; 11.970 ; 11.970 ;
; SW[1]      ; HEX0[5]     ; 11.637 ; 11.637 ; 11.637 ; 11.637 ;
; SW[1]      ; HEX0[6]     ; 11.713 ; 11.713 ; 11.713 ; 11.713 ;
; SW[1]      ; HEX1[0]     ; 11.796 ; 10.737 ; 10.737 ; 11.796 ;
; SW[1]      ; HEX1[3]     ; 11.677 ; 10.618 ; 10.618 ; 11.677 ;
; SW[1]      ; HEX1[4]     ; 11.697 ; 10.638 ; 10.638 ; 11.697 ;
; SW[1]      ; HEX1[5]     ; 11.692 ; 10.633 ; 10.633 ; 11.692 ;
; SW[1]      ; HEX4[0]     ; 7.627  ; 7.627  ; 7.627  ; 7.627  ;
; SW[1]      ; HEX4[1]     ; 8.351  ; 8.351  ; 8.351  ; 8.351  ;
; SW[1]      ; HEX4[2]     ; 8.090  ;        ;        ; 8.090  ;
; SW[1]      ; HEX4[3]     ; 8.208  ; 8.208  ; 8.208  ; 8.208  ;
; SW[1]      ; HEX4[4]     ; 7.549  ; 7.549  ; 7.549  ; 7.549  ;
; SW[1]      ; HEX4[5]     ; 7.360  ;        ;        ; 7.360  ;
; SW[1]      ; HEX4[6]     ; 8.079  ; 8.079  ; 8.079  ; 8.079  ;
; SW[1]      ; LEDR[1]     ; 9.460  ; 9.460  ; 9.460  ; 9.460  ;
; SW[1]      ; LEDR[2]     ; 9.396  ; 9.396  ; 9.396  ; 9.396  ;
; SW[1]      ; LEDR[3]     ; 10.826 ; 10.826 ; 10.826 ; 10.826 ;
; SW[1]      ; LEDR[4]     ; 10.059 ;        ;        ; 10.059 ;
; SW[2]      ; HEX0[0]     ; 12.681 ; 12.681 ; 12.681 ; 12.681 ;
; SW[2]      ; HEX0[1]     ; 12.499 ; 12.499 ; 12.499 ; 12.499 ;
; SW[2]      ; HEX0[2]     ; 12.684 ; 12.684 ; 12.684 ; 12.684 ;
; SW[2]      ; HEX0[3]     ; 12.619 ; 12.619 ; 12.619 ; 12.619 ;
; SW[2]      ; HEX0[4]     ; 12.669 ; 12.669 ; 12.669 ; 12.669 ;
; SW[2]      ; HEX0[5]     ; 12.336 ; 12.336 ; 12.336 ; 12.336 ;
; SW[2]      ; HEX0[6]     ; 12.412 ; 12.412 ; 12.412 ; 12.412 ;
; SW[2]      ; HEX1[0]     ; 12.495 ; 12.495 ; 12.495 ; 12.495 ;
; SW[2]      ; HEX1[3]     ; 12.376 ; 12.376 ; 12.376 ; 12.376 ;
; SW[2]      ; HEX1[4]     ; 12.396 ; 12.396 ; 12.396 ; 12.396 ;
; SW[2]      ; HEX1[5]     ; 12.391 ; 12.391 ; 12.391 ; 12.391 ;
; SW[2]      ; HEX4[0]     ; 7.317  ; 7.317  ; 7.317  ; 7.317  ;
; SW[2]      ; HEX4[1]     ; 8.045  ;        ;        ; 8.045  ;
; SW[2]      ; HEX4[2]     ; 7.786  ; 7.786  ; 7.786  ; 7.786  ;
; SW[2]      ; HEX4[3]     ; 7.899  ; 7.899  ; 7.899  ; 7.899  ;
; SW[2]      ; HEX4[4]     ; 7.243  ;        ;        ; 7.243  ;
; SW[2]      ; HEX4[5]     ; 7.052  ; 7.052  ; 7.052  ; 7.052  ;
; SW[2]      ; HEX4[6]     ; 7.771  ; 7.771  ; 7.771  ; 7.771  ;
; SW[2]      ; LEDR[2]     ; 10.095 ; 10.095 ; 10.095 ; 10.095 ;
; SW[2]      ; LEDR[3]     ; 11.525 ; 11.525 ; 11.525 ; 11.525 ;
; SW[2]      ; LEDR[4]     ; 10.758 ; 10.758 ; 10.758 ; 10.758 ;
; SW[3]      ; HEX0[0]     ; 10.986 ; 10.986 ; 10.986 ; 10.986 ;
; SW[3]      ; HEX0[1]     ; 10.804 ; 10.804 ; 10.804 ; 10.804 ;
; SW[3]      ; HEX0[2]     ; 10.989 ; 10.989 ; 10.989 ; 10.989 ;
; SW[3]      ; HEX0[3]     ; 10.924 ; 10.924 ; 10.924 ; 10.924 ;
; SW[3]      ; HEX0[4]     ; 10.974 ; 10.974 ; 10.974 ; 10.974 ;
; SW[3]      ; HEX0[5]     ; 10.641 ; 10.641 ; 10.641 ; 10.641 ;
; SW[3]      ; HEX0[6]     ; 10.717 ; 10.717 ; 10.717 ; 10.717 ;
; SW[3]      ; HEX1[0]     ; 10.800 ; 9.737  ; 9.737  ; 10.800 ;
; SW[3]      ; HEX1[3]     ; 10.681 ; 9.618  ; 9.618  ; 10.681 ;
; SW[3]      ; HEX1[4]     ; 10.701 ; 9.638  ; 9.638  ; 10.701 ;
; SW[3]      ; HEX1[5]     ; 10.696 ; 9.633  ; 9.633  ; 10.696 ;
; SW[3]      ; HEX4[0]     ; 7.026  ; 7.026  ; 7.026  ; 7.026  ;
; SW[3]      ; HEX4[1]     ; 7.749  ;        ;        ; 7.749  ;
; SW[3]      ; HEX4[2]     ; 7.490  ;        ;        ; 7.490  ;
; SW[3]      ; HEX4[3]     ; 7.608  ;        ;        ; 7.608  ;
; SW[3]      ; HEX4[4]     ; 6.949  ;        ;        ; 6.949  ;
; SW[3]      ; HEX4[5]     ; 6.759  ; 6.759  ; 6.759  ; 6.759  ;
; SW[3]      ; HEX4[6]     ;        ; 7.453  ; 7.453  ;        ;
; SW[3]      ; LEDR[3]     ; 9.826  ; 9.826  ; 9.826  ; 9.826  ;
; SW[3]      ; LEDR[4]     ; 9.063  ;        ;        ; 9.063  ;
; SW[4]      ; HEX0[0]     ; 12.757 ; 12.757 ; 12.757 ; 12.757 ;
; SW[4]      ; HEX0[1]     ; 12.575 ; 12.575 ; 12.575 ; 12.575 ;
; SW[4]      ; HEX0[2]     ; 12.760 ; 12.760 ; 12.760 ; 12.760 ;
; SW[4]      ; HEX0[3]     ; 12.695 ; 12.695 ; 12.695 ; 12.695 ;
; SW[4]      ; HEX0[4]     ; 12.745 ; 12.745 ; 12.745 ; 12.745 ;
; SW[4]      ; HEX0[5]     ; 12.412 ; 12.412 ; 12.412 ; 12.412 ;
; SW[4]      ; HEX0[6]     ; 12.488 ; 12.488 ; 12.488 ; 12.488 ;
; SW[4]      ; HEX1[0]     ; 12.571 ; 11.512 ; 11.512 ; 12.571 ;
; SW[4]      ; HEX1[3]     ; 12.452 ; 11.393 ; 11.393 ; 12.452 ;
; SW[4]      ; HEX1[4]     ; 12.472 ; 11.413 ; 11.413 ; 12.472 ;
; SW[4]      ; HEX1[5]     ; 12.467 ; 11.408 ; 11.408 ; 12.467 ;
; SW[4]      ; HEX5[0]     ; 6.703  ; 6.703  ; 6.703  ; 6.703  ;
; SW[4]      ; HEX5[1]     ; 6.783  ; 6.783  ; 6.783  ; 6.783  ;
; SW[4]      ; HEX5[2]     ;        ; 6.783  ; 6.783  ;        ;
; SW[4]      ; HEX5[3]     ; 6.549  ; 6.549  ; 6.549  ; 6.549  ;
; SW[4]      ; HEX5[4]     ; 6.515  ;        ;        ; 6.515  ;
; SW[4]      ; HEX5[5]     ; 6.520  ;        ;        ; 6.520  ;
; SW[4]      ; HEX5[6]     ; 6.782  ;        ;        ; 6.782  ;
; SW[4]      ; LEDR[0]     ; 9.701  ; 9.701  ; 9.701  ; 9.701  ;
; SW[4]      ; LEDR[1]     ; 10.246 ; 10.246 ; 10.246 ; 10.246 ;
; SW[4]      ; LEDR[2]     ; 10.171 ; 10.171 ; 10.171 ; 10.171 ;
; SW[4]      ; LEDR[3]     ; 11.601 ; 11.601 ; 11.601 ; 11.601 ;
; SW[4]      ; LEDR[4]     ; 10.834 ;        ;        ; 10.834 ;
; SW[5]      ; HEX0[0]     ; 11.906 ; 11.906 ; 11.906 ; 11.906 ;
; SW[5]      ; HEX0[1]     ; 11.724 ; 11.724 ; 11.724 ; 11.724 ;
; SW[5]      ; HEX0[2]     ; 11.909 ; 11.909 ; 11.909 ; 11.909 ;
; SW[5]      ; HEX0[3]     ; 11.844 ; 11.844 ; 11.844 ; 11.844 ;
; SW[5]      ; HEX0[4]     ; 11.894 ; 11.894 ; 11.894 ; 11.894 ;
; SW[5]      ; HEX0[5]     ; 11.561 ; 11.561 ; 11.561 ; 11.561 ;
; SW[5]      ; HEX0[6]     ; 11.637 ; 11.637 ; 11.637 ; 11.637 ;
; SW[5]      ; HEX1[0]     ; 11.720 ; 10.661 ; 10.661 ; 11.720 ;
; SW[5]      ; HEX1[3]     ; 11.601 ; 10.542 ; 10.542 ; 11.601 ;
; SW[5]      ; HEX1[4]     ; 11.621 ; 10.562 ; 10.562 ; 11.621 ;
; SW[5]      ; HEX1[5]     ; 11.616 ; 10.557 ; 10.557 ; 11.616 ;
; SW[5]      ; HEX5[0]     ; 7.054  ; 7.054  ; 7.054  ; 7.054  ;
; SW[5]      ; HEX5[1]     ; 7.134  ; 7.134  ; 7.134  ; 7.134  ;
; SW[5]      ; HEX5[2]     ; 7.135  ;        ;        ; 7.135  ;
; SW[5]      ; HEX5[3]     ; 6.900  ; 6.900  ; 6.900  ; 6.900  ;
; SW[5]      ; HEX5[4]     ; 6.868  ; 6.868  ; 6.868  ; 6.868  ;
; SW[5]      ; HEX5[5]     ; 6.873  ;        ;        ; 6.873  ;
; SW[5]      ; HEX5[6]     ; 7.133  ; 7.133  ; 7.133  ; 7.133  ;
; SW[5]      ; LEDR[1]     ; 9.390  ; 9.390  ; 9.390  ; 9.390  ;
; SW[5]      ; LEDR[2]     ; 9.319  ; 9.319  ; 9.319  ; 9.319  ;
; SW[5]      ; LEDR[3]     ; 10.750 ; 10.750 ; 10.750 ; 10.750 ;
; SW[5]      ; LEDR[4]     ; 9.983  ;        ;        ; 9.983  ;
; SW[6]      ; HEX0[0]     ; 12.320 ; 12.320 ; 12.320 ; 12.320 ;
; SW[6]      ; HEX0[1]     ; 12.138 ; 12.138 ; 12.138 ; 12.138 ;
; SW[6]      ; HEX0[2]     ; 12.323 ; 12.323 ; 12.323 ; 12.323 ;
; SW[6]      ; HEX0[3]     ; 12.258 ; 12.258 ; 12.258 ; 12.258 ;
; SW[6]      ; HEX0[4]     ; 12.308 ; 12.308 ; 12.308 ; 12.308 ;
; SW[6]      ; HEX0[5]     ; 11.975 ; 11.975 ; 11.975 ; 11.975 ;
; SW[6]      ; HEX0[6]     ; 12.051 ; 12.051 ; 12.051 ; 12.051 ;
; SW[6]      ; HEX1[0]     ; 12.134 ; 12.134 ; 12.134 ; 12.134 ;
; SW[6]      ; HEX1[3]     ; 12.015 ; 12.015 ; 12.015 ; 12.015 ;
; SW[6]      ; HEX1[4]     ; 12.035 ; 12.035 ; 12.035 ; 12.035 ;
; SW[6]      ; HEX1[5]     ; 12.030 ; 12.030 ; 12.030 ; 12.030 ;
; SW[6]      ; HEX5[0]     ; 6.557  ; 6.557  ; 6.557  ; 6.557  ;
; SW[6]      ; HEX5[1]     ; 6.637  ;        ;        ; 6.637  ;
; SW[6]      ; HEX5[2]     ; 6.637  ; 6.637  ; 6.637  ; 6.637  ;
; SW[6]      ; HEX5[3]     ; 6.396  ; 6.396  ; 6.396  ; 6.396  ;
; SW[6]      ; HEX5[4]     ; 6.351  ;        ;        ; 6.351  ;
; SW[6]      ; HEX5[5]     ; 6.361  ; 6.361  ; 6.361  ; 6.361  ;
; SW[6]      ; HEX5[6]     ; 6.627  ; 6.627  ; 6.627  ; 6.627  ;
; SW[6]      ; LEDR[2]     ; 9.734  ; 9.734  ; 9.734  ; 9.734  ;
; SW[6]      ; LEDR[3]     ; 11.164 ; 11.164 ; 11.164 ; 11.164 ;
; SW[6]      ; LEDR[4]     ; 10.397 ; 10.397 ; 10.397 ; 10.397 ;
; SW[7]      ; HEX0[0]     ; 11.908 ; 11.908 ; 11.908 ; 11.908 ;
; SW[7]      ; HEX0[1]     ; 11.726 ; 11.726 ; 11.726 ; 11.726 ;
; SW[7]      ; HEX0[2]     ; 11.911 ; 11.911 ; 11.911 ; 11.911 ;
; SW[7]      ; HEX0[3]     ; 11.846 ; 11.846 ; 11.846 ; 11.846 ;
; SW[7]      ; HEX0[4]     ; 11.896 ; 11.896 ; 11.896 ; 11.896 ;
; SW[7]      ; HEX0[5]     ; 11.563 ; 11.563 ; 11.563 ; 11.563 ;
; SW[7]      ; HEX0[6]     ; 11.639 ; 11.639 ; 11.639 ; 11.639 ;
; SW[7]      ; HEX1[0]     ; 11.722 ; 10.661 ; 10.661 ; 11.722 ;
; SW[7]      ; HEX1[3]     ; 11.603 ; 10.542 ; 10.542 ; 11.603 ;
; SW[7]      ; HEX1[4]     ; 11.623 ; 10.562 ; 10.562 ; 11.623 ;
; SW[7]      ; HEX1[5]     ; 11.618 ; 10.557 ; 10.557 ; 11.618 ;
; SW[7]      ; HEX5[0]     ; 6.983  ; 6.983  ; 6.983  ; 6.983  ;
; SW[7]      ; HEX5[1]     ; 7.063  ;        ;        ; 7.063  ;
; SW[7]      ; HEX5[2]     ; 7.063  ;        ;        ; 7.063  ;
; SW[7]      ; HEX5[3]     ; 6.822  ;        ;        ; 6.822  ;
; SW[7]      ; HEX5[4]     ; 6.781  ;        ;        ; 6.781  ;
; SW[7]      ; HEX5[5]     ; 6.787  ; 6.787  ; 6.787  ; 6.787  ;
; SW[7]      ; HEX5[6]     ;        ; 7.053  ; 7.053  ;        ;
; SW[7]      ; LEDR[3]     ; 10.750 ; 10.750 ; 10.750 ; 10.750 ;
; SW[7]      ; LEDR[4]     ; 9.985  ;        ;        ; 9.985  ;
; SW[8]      ; HEX0[0]     ; 12.766 ; 12.766 ; 12.766 ; 12.766 ;
; SW[8]      ; HEX0[1]     ; 12.584 ; 12.584 ; 12.584 ; 12.584 ;
; SW[8]      ; HEX0[2]     ; 12.769 ; 12.769 ; 12.769 ; 12.769 ;
; SW[8]      ; HEX0[3]     ; 12.704 ; 12.704 ; 12.704 ; 12.704 ;
; SW[8]      ; HEX0[4]     ; 12.754 ; 12.754 ; 12.754 ; 12.754 ;
; SW[8]      ; HEX0[5]     ; 12.421 ; 12.421 ; 12.421 ; 12.421 ;
; SW[8]      ; HEX0[6]     ; 12.497 ; 12.497 ; 12.497 ; 12.497 ;
; SW[8]      ; HEX1[0]     ; 12.580 ; 11.521 ; 11.521 ; 12.580 ;
; SW[8]      ; HEX1[3]     ; 12.461 ; 11.402 ; 11.402 ; 12.461 ;
; SW[8]      ; HEX1[4]     ; 12.481 ; 11.422 ; 11.422 ; 12.481 ;
; SW[8]      ; HEX1[5]     ; 12.476 ; 11.417 ; 11.417 ; 12.476 ;
; SW[8]      ; LEDR[0]     ; 9.715  ; 9.715  ; 9.715  ; 9.715  ;
; SW[8]      ; LEDR[1]     ; 10.255 ; 10.255 ; 10.255 ; 10.255 ;
; SW[8]      ; LEDR[2]     ; 10.180 ; 10.180 ; 10.180 ; 10.180 ;
; SW[8]      ; LEDR[3]     ; 11.610 ; 11.610 ; 11.610 ; 11.610 ;
; SW[8]      ; LEDR[4]     ; 10.843 ;        ;        ; 10.843 ;
+------------+-------------+--------+--------+--------+--------+


+----------------------------------------------------------+
; Minimum Progagation Delay                                ;
+------------+-------------+-------+-------+-------+-------+
; Input Port ; Output Port ; RR    ; RF    ; FR    ; FF    ;
+------------+-------------+-------+-------+-------+-------+
; SW[0]      ; HEX0[0]     ; 4.645 ; 4.645 ; 4.645 ; 4.645 ;
; SW[0]      ; HEX0[1]     ; 4.562 ; 4.562 ; 4.562 ; 4.562 ;
; SW[0]      ; HEX0[2]     ; 4.652 ; 4.652 ; 4.652 ; 4.652 ;
; SW[0]      ; HEX0[3]     ; 4.605 ; 4.605 ; 4.605 ; 4.605 ;
; SW[0]      ; HEX0[4]     ; 4.636 ; 4.636 ; 4.636 ; 4.636 ;
; SW[0]      ; HEX0[5]     ; 4.482 ; 4.482 ; 4.482 ; 4.482 ;
; SW[0]      ; HEX0[6]     ; 4.518 ; 4.518 ; 4.518 ; 4.518 ;
; SW[0]      ; HEX1[0]     ; 5.222 ; 5.222 ; 5.222 ; 5.222 ;
; SW[0]      ; HEX1[3]     ; 5.126 ; 5.126 ; 5.126 ; 5.126 ;
; SW[0]      ; HEX1[4]     ; 5.146 ; 5.146 ; 5.146 ; 5.146 ;
; SW[0]      ; HEX1[5]     ; 5.141 ; 5.141 ; 5.141 ; 5.141 ;
; SW[0]      ; HEX4[0]     ; 3.927 ; 3.927 ; 3.927 ; 3.927 ;
; SW[0]      ; HEX4[1]     ; 4.282 ; 4.282 ; 4.282 ; 4.282 ;
; SW[0]      ; HEX4[2]     ;       ; 4.147 ; 4.147 ;       ;
; SW[0]      ; HEX4[3]     ; 4.141 ; 4.141 ; 4.141 ; 4.141 ;
; SW[0]      ; HEX4[4]     ; 3.903 ;       ;       ; 3.903 ;
; SW[0]      ; HEX4[5]     ; 3.822 ;       ;       ; 3.822 ;
; SW[0]      ; HEX4[6]     ; 4.128 ;       ;       ; 4.128 ;
; SW[0]      ; LEDR[0]     ; 5.051 ; 5.051 ; 5.051 ; 5.051 ;
; SW[0]      ; LEDR[1]     ; 5.127 ; 5.127 ; 5.127 ; 5.127 ;
; SW[0]      ; LEDR[2]     ; 5.070 ; 5.070 ; 5.070 ; 5.070 ;
; SW[0]      ; LEDR[3]     ; 5.892 ; 5.892 ; 5.892 ; 5.892 ;
; SW[0]      ; LEDR[4]     ; 5.449 ;       ;       ; 5.449 ;
; SW[1]      ; HEX0[0]     ; 4.464 ; 4.464 ; 4.464 ; 4.464 ;
; SW[1]      ; HEX0[1]     ; 4.428 ; 4.428 ; 4.428 ; 4.428 ;
; SW[1]      ; HEX0[2]     ; 4.649 ; 4.649 ; 4.649 ; 4.649 ;
; SW[1]      ; HEX0[3]     ; 4.483 ; 4.483 ; 4.483 ; 4.483 ;
; SW[1]      ; HEX0[4]     ; 4.455 ; 4.455 ; 4.455 ; 4.455 ;
; SW[1]      ; HEX0[5]     ; 4.472 ; 4.472 ; 4.472 ; 4.472 ;
; SW[1]      ; HEX0[6]     ; 4.333 ; 4.333 ; 4.333 ; 4.333 ;
; SW[1]      ; HEX1[0]     ; 4.892 ; 4.892 ; 4.892 ; 4.892 ;
; SW[1]      ; HEX1[3]     ; 4.796 ; 4.796 ; 4.796 ; 4.796 ;
; SW[1]      ; HEX1[4]     ; 4.816 ; 4.816 ; 4.816 ; 4.816 ;
; SW[1]      ; HEX1[5]     ; 4.811 ; 4.811 ; 4.811 ; 4.811 ;
; SW[1]      ; HEX4[0]     ; 3.900 ; 3.900 ; 3.900 ; 3.900 ;
; SW[1]      ; HEX4[1]     ; 4.235 ; 4.235 ; 4.235 ; 4.235 ;
; SW[1]      ; HEX4[2]     ; 4.102 ;       ;       ; 4.102 ;
; SW[1]      ; HEX4[3]     ; 4.114 ; 4.114 ; 4.114 ; 4.114 ;
; SW[1]      ; HEX4[4]     ; 3.861 ; 3.861 ; 3.861 ; 3.861 ;
; SW[1]      ; HEX4[5]     ; 3.787 ;       ;       ; 3.787 ;
; SW[1]      ; HEX4[6]     ; 4.092 ; 4.092 ; 4.092 ; 4.092 ;
; SW[1]      ; LEDR[1]     ; 4.789 ; 4.789 ; 4.789 ; 4.789 ;
; SW[1]      ; LEDR[2]     ; 4.740 ; 4.740 ; 4.740 ; 4.740 ;
; SW[1]      ; LEDR[3]     ; 5.558 ; 5.558 ; 5.558 ; 5.558 ;
; SW[1]      ; LEDR[4]     ; 5.115 ;       ;       ; 5.115 ;
; SW[2]      ; HEX0[0]     ; 4.759 ; 4.759 ; 4.759 ; 4.759 ;
; SW[2]      ; HEX0[1]     ; 4.723 ; 4.723 ; 4.723 ; 4.723 ;
; SW[2]      ; HEX0[2]     ; 4.944 ; 4.944 ; 4.944 ; 4.944 ;
; SW[2]      ; HEX0[3]     ; 4.778 ; 4.778 ; 4.778 ; 4.778 ;
; SW[2]      ; HEX0[4]     ; 4.750 ; 4.750 ; 4.750 ; 4.750 ;
; SW[2]      ; HEX0[5]     ; 4.767 ; 4.767 ; 4.767 ; 4.767 ;
; SW[2]      ; HEX0[6]     ; 4.628 ; 4.628 ; 4.628 ; 4.628 ;
; SW[2]      ; HEX1[0]     ; 5.187 ; 5.187 ; 5.187 ; 5.187 ;
; SW[2]      ; HEX1[3]     ; 5.091 ; 5.091 ; 5.091 ; 5.091 ;
; SW[2]      ; HEX1[4]     ; 5.111 ; 5.111 ; 5.111 ; 5.111 ;
; SW[2]      ; HEX1[5]     ; 5.106 ; 5.106 ; 5.106 ; 5.106 ;
; SW[2]      ; HEX4[0]     ; 3.776 ; 3.776 ; 3.776 ; 3.776 ;
; SW[2]      ; HEX4[1]     ; 4.112 ;       ;       ; 4.112 ;
; SW[2]      ; HEX4[2]     ; 3.979 ; 3.979 ; 3.979 ; 3.979 ;
; SW[2]      ; HEX4[3]     ; 3.990 ; 3.990 ; 3.990 ; 3.990 ;
; SW[2]      ; HEX4[4]     ; 3.738 ;       ;       ; 3.738 ;
; SW[2]      ; HEX4[5]     ; 3.663 ; 3.663 ; 3.663 ; 3.663 ;
; SW[2]      ; HEX4[6]     ; 3.968 ; 3.968 ; 3.968 ; 3.968 ;
; SW[2]      ; LEDR[2]     ; 5.035 ; 5.035 ; 5.035 ; 5.035 ;
; SW[2]      ; LEDR[3]     ; 5.540 ; 5.540 ; 5.540 ; 5.540 ;
; SW[2]      ; LEDR[4]     ; 5.103 ; 5.418 ; 5.418 ; 5.103 ;
; SW[3]      ; HEX0[0]     ; 4.480 ; 4.480 ; 4.480 ; 4.480 ;
; SW[3]      ; HEX0[1]     ; 4.444 ; 4.444 ; 4.444 ; 4.444 ;
; SW[3]      ; HEX0[2]     ; 4.665 ; 4.665 ; 4.665 ; 4.665 ;
; SW[3]      ; HEX0[3]     ; 4.499 ; 4.499 ; 4.499 ; 4.499 ;
; SW[3]      ; HEX0[4]     ; 4.471 ; 4.471 ; 4.471 ; 4.471 ;
; SW[3]      ; HEX0[5]     ; 4.488 ; 4.488 ; 4.488 ; 4.488 ;
; SW[3]      ; HEX0[6]     ; 4.349 ; 4.349 ; 4.349 ; 4.349 ;
; SW[3]      ; HEX1[0]     ; 4.896 ; 4.896 ; 4.896 ; 4.896 ;
; SW[3]      ; HEX1[3]     ; 4.800 ; 4.800 ; 4.800 ; 4.800 ;
; SW[3]      ; HEX1[4]     ; 4.820 ; 4.820 ; 4.820 ; 4.820 ;
; SW[3]      ; HEX1[5]     ; 4.815 ; 4.815 ; 4.815 ; 4.815 ;
; SW[3]      ; HEX4[0]     ; 3.627 ; 3.627 ; 3.627 ; 3.627 ;
; SW[3]      ; HEX4[1]     ; 3.961 ;       ;       ; 3.961 ;
; SW[3]      ; HEX4[2]     ; 3.831 ;       ;       ; 3.831 ;
; SW[3]      ; HEX4[3]     ; 3.842 ;       ;       ; 3.842 ;
; SW[3]      ; HEX4[4]     ; 3.587 ;       ;       ; 3.587 ;
; SW[3]      ; HEX4[5]     ; 3.514 ; 3.514 ; 3.514 ; 3.514 ;
; SW[3]      ; HEX4[6]     ;       ; 3.819 ; 3.819 ;       ;
; SW[3]      ; LEDR[3]     ; 5.115 ; 5.115 ; 5.115 ; 5.115 ;
; SW[3]      ; LEDR[4]     ; 4.679 ;       ;       ; 4.679 ;
; SW[4]      ; HEX0[0]     ; 4.681 ; 4.681 ; 4.681 ; 4.681 ;
; SW[4]      ; HEX0[1]     ; 4.598 ; 4.598 ; 4.598 ; 4.598 ;
; SW[4]      ; HEX0[2]     ; 4.688 ; 4.688 ; 4.688 ; 4.688 ;
; SW[4]      ; HEX0[3]     ; 4.641 ; 4.641 ; 4.641 ; 4.641 ;
; SW[4]      ; HEX0[4]     ; 4.672 ; 4.672 ; 4.672 ; 4.672 ;
; SW[4]      ; HEX0[5]     ; 4.518 ; 4.518 ; 4.518 ; 4.518 ;
; SW[4]      ; HEX0[6]     ; 4.554 ; 4.554 ; 4.554 ; 4.554 ;
; SW[4]      ; HEX1[0]     ; 5.267 ; 5.267 ; 5.267 ; 5.267 ;
; SW[4]      ; HEX1[3]     ; 5.171 ; 5.171 ; 5.171 ; 5.171 ;
; SW[4]      ; HEX1[4]     ; 5.191 ; 5.191 ; 5.191 ; 5.191 ;
; SW[4]      ; HEX1[5]     ; 5.186 ; 5.186 ; 5.186 ; 5.186 ;
; SW[4]      ; HEX5[0]     ; 3.519 ; 3.519 ; 3.519 ; 3.519 ;
; SW[4]      ; HEX5[1]     ; 3.536 ; 3.536 ; 3.536 ; 3.536 ;
; SW[4]      ; HEX5[2]     ;       ; 3.536 ; 3.536 ;       ;
; SW[4]      ; HEX5[3]     ; 3.447 ; 3.447 ; 3.447 ; 3.447 ;
; SW[4]      ; HEX5[4]     ; 3.425 ;       ;       ; 3.425 ;
; SW[4]      ; HEX5[5]     ; 3.426 ;       ;       ; 3.426 ;
; SW[4]      ; HEX5[6]     ; 3.552 ;       ;       ; 3.552 ;
; SW[4]      ; LEDR[0]     ; 5.087 ; 5.087 ; 5.087 ; 5.087 ;
; SW[4]      ; LEDR[1]     ; 5.172 ; 5.172 ; 5.172 ; 5.172 ;
; SW[4]      ; LEDR[2]     ; 5.115 ; 5.115 ; 5.115 ; 5.115 ;
; SW[4]      ; LEDR[3]     ; 5.937 ; 5.937 ; 5.937 ; 5.937 ;
; SW[4]      ; LEDR[4]     ; 5.494 ;       ;       ; 5.494 ;
; SW[5]      ; HEX0[0]     ; 4.406 ; 4.406 ; 4.406 ; 4.406 ;
; SW[5]      ; HEX0[1]     ; 4.370 ; 4.370 ; 4.370 ; 4.370 ;
; SW[5]      ; HEX0[2]     ; 4.591 ; 4.591 ; 4.591 ; 4.591 ;
; SW[5]      ; HEX0[3]     ; 4.425 ; 4.425 ; 4.425 ; 4.425 ;
; SW[5]      ; HEX0[4]     ; 4.397 ; 4.397 ; 4.397 ; 4.397 ;
; SW[5]      ; HEX0[5]     ; 4.414 ; 4.414 ; 4.414 ; 4.414 ;
; SW[5]      ; HEX0[6]     ; 4.275 ; 4.275 ; 4.275 ; 4.275 ;
; SW[5]      ; HEX1[0]     ; 4.834 ; 4.834 ; 4.834 ; 4.834 ;
; SW[5]      ; HEX1[3]     ; 4.738 ; 4.738 ; 4.738 ; 4.738 ;
; SW[5]      ; HEX1[4]     ; 4.758 ; 4.758 ; 4.758 ; 4.758 ;
; SW[5]      ; HEX1[5]     ; 4.753 ; 4.753 ; 4.753 ; 4.753 ;
; SW[5]      ; HEX5[0]     ; 3.637 ; 3.637 ; 3.637 ; 3.637 ;
; SW[5]      ; HEX5[1]     ; 3.655 ; 3.655 ; 3.655 ; 3.655 ;
; SW[5]      ; HEX5[2]     ; 3.654 ;       ;       ; 3.654 ;
; SW[5]      ; HEX5[3]     ; 3.565 ; 3.565 ; 3.565 ; 3.565 ;
; SW[5]      ; HEX5[4]     ; 3.544 ; 3.544 ; 3.544 ; 3.544 ;
; SW[5]      ; HEX5[5]     ; 3.545 ;       ;       ; 3.545 ;
; SW[5]      ; HEX5[6]     ; 3.670 ; 3.670 ; 3.670 ; 3.670 ;
; SW[5]      ; LEDR[1]     ; 4.733 ; 4.733 ; 4.733 ; 4.733 ;
; SW[5]      ; LEDR[2]     ; 4.682 ; 4.682 ; 4.682 ; 4.682 ;
; SW[5]      ; LEDR[3]     ; 5.501 ; 5.501 ; 5.501 ; 5.501 ;
; SW[5]      ; LEDR[4]     ; 5.058 ;       ;       ; 5.058 ;
; SW[6]      ; HEX0[0]     ; 4.556 ; 4.556 ; 4.556 ; 4.556 ;
; SW[6]      ; HEX0[1]     ; 4.520 ; 4.520 ; 4.520 ; 4.520 ;
; SW[6]      ; HEX0[2]     ; 4.741 ; 4.741 ; 4.741 ; 4.741 ;
; SW[6]      ; HEX0[3]     ; 4.575 ; 4.575 ; 4.575 ; 4.575 ;
; SW[6]      ; HEX0[4]     ; 4.547 ; 4.547 ; 4.547 ; 4.547 ;
; SW[6]      ; HEX0[5]     ; 4.564 ; 4.564 ; 4.564 ; 4.564 ;
; SW[6]      ; HEX0[6]     ; 4.425 ; 4.425 ; 4.425 ; 4.425 ;
; SW[6]      ; HEX1[0]     ; 4.984 ; 4.984 ; 4.984 ; 4.984 ;
; SW[6]      ; HEX1[3]     ; 4.888 ; 4.888 ; 4.888 ; 4.888 ;
; SW[6]      ; HEX1[4]     ; 4.908 ; 4.908 ; 4.908 ; 4.908 ;
; SW[6]      ; HEX1[5]     ; 4.903 ; 4.903 ; 4.903 ; 4.903 ;
; SW[6]      ; HEX5[0]     ; 3.411 ; 3.411 ; 3.411 ; 3.411 ;
; SW[6]      ; HEX5[1]     ; 3.429 ;       ;       ; 3.429 ;
; SW[6]      ; HEX5[2]     ; 3.428 ; 3.428 ; 3.428 ; 3.428 ;
; SW[6]      ; HEX5[3]     ; 3.332 ; 3.332 ; 3.332 ; 3.332 ;
; SW[6]      ; HEX5[4]     ; 3.301 ;       ;       ; 3.301 ;
; SW[6]      ; HEX5[5]     ; 3.303 ; 3.303 ; 3.303 ; 3.303 ;
; SW[6]      ; HEX5[6]     ; 3.435 ; 3.435 ; 3.435 ; 3.435 ;
; SW[6]      ; LEDR[2]     ; 4.832 ; 4.832 ; 4.832 ; 4.832 ;
; SW[6]      ; LEDR[3]     ; 5.372 ; 5.372 ; 5.372 ; 5.372 ;
; SW[6]      ; LEDR[4]     ; 4.935 ; 5.215 ; 5.215 ; 4.935 ;
; SW[7]      ; HEX0[0]     ; 5.002 ; 5.002 ; 5.002 ; 5.002 ;
; SW[7]      ; HEX0[1]     ; 4.966 ; 4.966 ; 4.966 ; 4.966 ;
; SW[7]      ; HEX0[2]     ; 5.187 ; 5.187 ; 5.187 ; 5.187 ;
; SW[7]      ; HEX0[3]     ; 5.021 ; 5.021 ; 5.021 ; 5.021 ;
; SW[7]      ; HEX0[4]     ; 4.993 ; 4.993 ; 4.993 ; 4.993 ;
; SW[7]      ; HEX0[5]     ; 5.010 ; 5.010 ; 5.010 ; 5.010 ;
; SW[7]      ; HEX0[6]     ; 4.871 ; 4.871 ; 4.871 ; 4.871 ;
; SW[7]      ; HEX1[0]     ; 5.418 ; 5.418 ; 5.418 ; 5.418 ;
; SW[7]      ; HEX1[3]     ; 5.322 ; 5.322 ; 5.322 ; 5.322 ;
; SW[7]      ; HEX1[4]     ; 5.342 ; 5.342 ; 5.342 ; 5.342 ;
; SW[7]      ; HEX1[5]     ; 5.337 ; 5.337 ; 5.337 ; 5.337 ;
; SW[7]      ; HEX5[0]     ; 3.615 ; 3.615 ; 3.615 ; 3.615 ;
; SW[7]      ; HEX5[1]     ; 3.632 ;       ;       ; 3.632 ;
; SW[7]      ; HEX5[2]     ; 3.637 ;       ;       ; 3.637 ;
; SW[7]      ; HEX5[3]     ; 3.537 ;       ;       ; 3.537 ;
; SW[7]      ; HEX5[4]     ; 3.507 ;       ;       ; 3.507 ;
; SW[7]      ; HEX5[5]     ; 3.509 ; 3.509 ; 3.509 ; 3.509 ;
; SW[7]      ; HEX5[6]     ;       ; 3.640 ; 3.640 ;       ;
; SW[7]      ; LEDR[3]     ; 5.637 ; 5.637 ; 5.637 ; 5.637 ;
; SW[7]      ; LEDR[4]     ; 5.196 ;       ;       ; 5.196 ;
; SW[8]      ; HEX0[0]     ; 4.743 ; 4.743 ; 4.743 ; 4.743 ;
; SW[8]      ; HEX0[1]     ; 4.660 ; 4.660 ; 4.660 ; 4.660 ;
; SW[8]      ; HEX0[2]     ; 4.750 ; 4.750 ; 4.750 ; 4.750 ;
; SW[8]      ; HEX0[3]     ; 4.703 ; 4.703 ; 4.703 ; 4.703 ;
; SW[8]      ; HEX0[4]     ; 4.734 ; 4.734 ; 4.734 ; 4.734 ;
; SW[8]      ; HEX0[5]     ; 4.580 ; 4.580 ; 4.580 ; 4.580 ;
; SW[8]      ; HEX0[6]     ; 4.616 ; 4.616 ; 4.616 ; 4.616 ;
; SW[8]      ; HEX1[0]     ; 5.328 ; 5.328 ; 5.328 ; 5.328 ;
; SW[8]      ; HEX1[3]     ; 5.232 ; 5.232 ; 5.232 ; 5.232 ;
; SW[8]      ; HEX1[4]     ; 5.252 ; 5.252 ; 5.252 ; 5.252 ;
; SW[8]      ; HEX1[5]     ; 5.247 ; 5.247 ; 5.247 ; 5.247 ;
; SW[8]      ; LEDR[0]     ; 5.149 ; 5.149 ; 5.149 ; 5.149 ;
; SW[8]      ; LEDR[1]     ; 5.233 ; 5.233 ; 5.233 ; 5.233 ;
; SW[8]      ; LEDR[2]     ; 5.176 ; 5.176 ; 5.176 ; 5.176 ;
; SW[8]      ; LEDR[3]     ; 5.998 ; 5.998 ; 5.998 ; 5.998 ;
; SW[8]      ; LEDR[4]     ; 5.555 ;       ;       ; 5.555 ;
+------------+-------------+-------+-------+-------+-------+


-------------------
; Clock Transfers ;
-------------------
Nothing to report.


---------------
; Report TCCS ;
---------------
No dedicated SERDES Transmitter circuitry present in device or used in design


---------------
; Report RSKM ;
---------------
No dedicated SERDES Receiver circuitry present in device or used in design


+------------------------------------------------+
; Unconstrained Paths                            ;
+---------------------------------+-------+------+
; Property                        ; Setup ; Hold ;
+---------------------------------+-------+------+
; Illegal Clocks                  ; 0     ; 0    ;
; Unconstrained Clocks            ; 0     ; 0    ;
; Unconstrained Input Ports       ; 9     ; 9    ;
; Unconstrained Input Port Paths  ; 188   ; 188  ;
; Unconstrained Output Ports      ; 30    ; 30   ;
; Unconstrained Output Port Paths ; 188   ; 188  ;
+---------------------------------+-------+------+


+------------------------------------+
; TimeQuest Timing Analyzer Messages ;
+------------------------------------+
Info: *******************************************************************
Info: Running Quartus II 64-Bit TimeQuest Timing Analyzer
    Info: Version 13.0.1 Build 232 06/12/2013 Service Pack 1 SJ Web Edition
    Info: Processing started: Tue Nov 05 15:32:05 2019
Info: Command: quartus_sta part4 -c part4
Info: qsta_default_script.tcl version: #1
Warning (20028): Parallel compilation is not licensed and has been disabled
Info (21077): Low junction temperature is 0 degrees C
Info (21077): High junction temperature is 85 degrees C
Critical Warning (332012): Synopsys Design Constraints File file not found: 'part4.sdc'. A Synopsys Design Constraints File is required by the TimeQuest Timing Analyzer to get proper timing constraints. Without it, the Compiler will not properly optimize the design.
Info (332142): No user constrained base clocks found in the design. Calling "derive_clocks -period 1.0"
Info (332096): The command derive_clocks did not find any clocks to derive.  No clocks were created or changed.
Warning (332068): No clocks defined in design.
Info: Found TIMEQUEST_REPORT_SCRIPT_INCLUDE_DEFAULT_ANALYSIS = ON
Info (332159): No clocks to report
Info: Analyzing Slow Model
Info (332140): No fmax paths to report
Info (332140): No Setup paths to report
Info (332140): No Hold paths to report
Info (332140): No Recovery paths to report
Info (332140): No Removal paths to report
Info (332140): No Minimum Pulse Width paths to report
Info (332001): The selected device family is not supported by the report_metastability command.
Info: Analyzing Fast Model
Info (332142): No user constrained base clocks found in the design. Calling "derive_clocks -period 1.0"
Info (332096): The command derive_clocks did not find any clocks to derive.  No clocks were created or changed.
Warning (332068): No clocks defined in design.
Info (332140): No Setup paths to report
Info (332140): No Hold paths to report
Info (332140): No Recovery paths to report
Info (332140): No Removal paths to report
Info (332140): No Minimum Pulse Width paths to report
Info (332001): The selected device family is not supported by the report_metastability command.
Info (332102): Design is not fully constrained for setup requirements
Info (332102): Design is not fully constrained for hold requirements
Info: Quartus II 64-Bit TimeQuest Timing Analyzer was successful. 0 errors, 4 warnings
    Info: Peak virtual memory: 4573 megabytes
    Info: Processing ended: Tue Nov 05 15:32:06 2019
    Info: Elapsed time: 00:00:01
    Info: Total CPU time (on all processors): 00:00:01


