Analysis & Synthesis report for parte3
Thu Nov 28 16:18:08 2019
Quartus II 64-Bit Version 13.0.1 Build 232 06/12/2013 Service Pack 1 SJ Web Edition


---------------------
; Table of Contents ;
---------------------
  1. Legal Notice
  2. Analysis & Synthesis Summary
  3. Analysis & Synthesis Settings
  4. Parallel Compilation
  5. Analysis & Synthesis Source Files Read
  6. Analysis & Synthesis Resource Usage Summary
  7. Analysis & Synthesis Resource Utilization by Entity
  8. Logic Cells Representing Combinational Loops
  9. General Register Statistics
 10. Multiplexer Restructuring Statistics (Restructuring Performed)
 11. Parameter Settings for Inferred Entity Instance: exibir:ex|lpm_divide:Mod0
 12. Parameter Settings for Inferred Entity Instance: exibir:ex|lpm_divide:Div0
 13. Port Connectivity Checks: "exibir:ex|numero:v1"
 14. Port Connectivity Checks: "exibir:ex|numero:v0"
 15. Elapsed Time Per Partition
 16. Analysis & Synthesis Messages



----------------
; Legal Notice ;
----------------
Copyright (C) 1991-2013 Altera Corporation
Your use of Altera Corporation's design tools, logic functions 
and other software and tools, and its AMPP partner logic 
functions, and any output files from any of the foregoing 
(including device programming or simulation files), and any 
associated documentation or information are expressly subject 
to the terms and conditions of the Altera Program License 
Subscription Agreement, Altera MegaCore Function License 
Agreement, or other applicable license agreement, including, 
without limitation, that your use is for the sole purpose of 
programming logic devices manufactured by Altera and sold by 
Altera or its authorized distributors.  Please refer to the 
applicable agreement for further details.



+--------------------------------------------------------------------------------------+
; Analysis & Synthesis Summary                                                         ;
+------------------------------------+-------------------------------------------------+
; Analysis & Synthesis Status        ; Successful - Thu Nov 28 16:18:08 2019           ;
; Quartus II 64-Bit Version          ; 13.0.1 Build 232 06/12/2013 SP 1 SJ Web Edition ;
; Revision Name                      ; parte3                                          ;
; Top-level Entity Name              ; parte3                                          ;
; Family                             ; Cyclone II                                      ;
; Total logic elements               ; 182                                             ;
;     Total combinational functions  ; 182                                             ;
;     Dedicated logic registers      ; 8                                               ;
; Total registers                    ; 8                                               ;
; Total pins                         ; 17                                              ;
; Total virtual pins                 ; 0                                               ;
; Total memory bits                  ; 0                                               ;
; Embedded Multiplier 9-bit elements ; 0                                               ;
; Total PLLs                         ; 0                                               ;
+------------------------------------+-------------------------------------------------+


+----------------------------------------------------------------------------------------------------------------------+
; Analysis & Synthesis Settings                                                                                        ;
+----------------------------------------------------------------------------+--------------------+--------------------+
; Option                                                                     ; Setting            ; Default Value      ;
+----------------------------------------------------------------------------+--------------------+--------------------+
; Device                                                                     ; EP2C35F672C6       ;                    ;
; Top-level entity name                                                      ; parte3             ; parte3             ;
; Family name                                                                ; Cyclone II         ; Cyclone IV GX      ;
; Use smart compilation                                                      ; Off                ; Off                ;
; Enable parallel Assembler and TimeQuest Timing Analyzer during compilation ; On                 ; On                 ;
; Enable compact report table                                                ; Off                ; Off                ;
; Restructure Multiplexers                                                   ; Auto               ; Auto               ;
; Create Debugging Nodes for IP Cores                                        ; Off                ; Off                ;
; Preserve fewer node names                                                  ; On                 ; On                 ;
; Disable OpenCore Plus hardware evaluation                                  ; Off                ; Off                ;
; Verilog Version                                                            ; Verilog_2001       ; Verilog_2001       ;
; VHDL Version                                                               ; VHDL_1993          ; VHDL_1993          ;
; State Machine Processing                                                   ; Auto               ; Auto               ;
; Safe State Machine                                                         ; Off                ; Off                ;
; Extract Verilog State Machines                                             ; On                 ; On                 ;
; Extract VHDL State Machines                                                ; On                 ; On                 ;
; Ignore Verilog initial constructs                                          ; Off                ; Off                ;
; Iteration limit for constant Verilog loops                                 ; 5000               ; 5000               ;
; Iteration limit for non-constant Verilog loops                             ; 250                ; 250                ;
; Add Pass-Through Logic to Inferred RAMs                                    ; On                 ; On                 ;
; Infer RAMs from Raw Logic                                                  ; On                 ; On                 ;
; Parallel Synthesis                                                         ; On                 ; On                 ;
; DSP Block Balancing                                                        ; Auto               ; Auto               ;
; NOT Gate Push-Back                                                         ; On                 ; On                 ;
; Power-Up Don't Care                                                        ; On                 ; On                 ;
; Remove Redundant Logic Cells                                               ; Off                ; Off                ;
; Remove Duplicate Registers                                                 ; On                 ; On                 ;
; Ignore CARRY Buffers                                                       ; Off                ; Off                ;
; Ignore CASCADE Buffers                                                     ; Off                ; Off                ;
; Ignore GLOBAL Buffers                                                      ; Off                ; Off                ;
; Ignore ROW GLOBAL Buffers                                                  ; Off                ; Off                ;
; Ignore LCELL Buffers                                                       ; Off                ; Off                ;
; Ignore SOFT Buffers                                                        ; On                 ; On                 ;
; Limit AHDL Integers to 32 Bits                                             ; Off                ; Off                ;
; Optimization Technique                                                     ; Balanced           ; Balanced           ;
; Carry Chain Length                                                         ; 70                 ; 70                 ;
; Auto Carry Chains                                                          ; On                 ; On                 ;
; Auto Open-Drain Pins                                                       ; On                 ; On                 ;
; Perform WYSIWYG Primitive Resynthesis                                      ; Off                ; Off                ;
; Auto ROM Replacement                                                       ; On                 ; On                 ;
; Auto RAM Replacement                                                       ; On                 ; On                 ;
; Auto Shift Register Replacement                                            ; Auto               ; Auto               ;
; Allow Shift Register Merging across Hierarchies                            ; Auto               ; Auto               ;
; Auto Clock Enable Replacement                                              ; On                 ; On                 ;
; Strict RAM Replacement                                                     ; Off                ; Off                ;
; Allow Synchronous Control Signals                                          ; On                 ; On                 ;
; Force Use of Synchronous Clear Signals                                     ; Off                ; Off                ;
; Auto RAM to Logic Cell Conversion                                          ; Off                ; Off                ;
; Auto Resource Sharing                                                      ; Off                ; Off                ;
; Allow Any RAM Size For Recognition                                         ; Off                ; Off                ;
; Allow Any ROM Size For Recognition                                         ; Off                ; Off                ;
; Allow Any Shift Register Size For Recognition                              ; Off                ; Off                ;
; Use LogicLock Constraints during Resource Balancing                        ; On                 ; On                 ;
; Ignore translate_off and synthesis_off directives                          ; Off                ; Off                ;
; Timing-Driven Synthesis                                                    ; Off                ; Off                ;
; Report Parameter Settings                                                  ; On                 ; On                 ;
; Report Source Assignments                                                  ; On                 ; On                 ;
; Report Connectivity Checks                                                 ; On                 ; On                 ;
; Ignore Maximum Fan-Out Assignments                                         ; Off                ; Off                ;
; Synchronization Register Chain Length                                      ; 2                  ; 2                  ;
; PowerPlay Power Optimization                                               ; Normal compilation ; Normal compilation ;
; HDL message level                                                          ; Level2             ; Level2             ;
; Suppress Register Optimization Related Messages                            ; Off                ; Off                ;
; Number of Removed Registers Reported in Synthesis Report                   ; 5000               ; 5000               ;
; Number of Swept Nodes Reported in Synthesis Report                         ; 5000               ; 5000               ;
; Number of Inverted Registers Reported in Synthesis Report                  ; 100                ; 100                ;
; Clock MUX Protection                                                       ; On                 ; On                 ;
; Auto Gated Clock Conversion                                                ; Off                ; Off                ;
; Block Design Naming                                                        ; Auto               ; Auto               ;
; SDC constraint protection                                                  ; Off                ; Off                ;
; Synthesis Effort                                                           ; Auto               ; Auto               ;
; Shift Register Replacement - Allow Asynchronous Clear Signal               ; On                 ; On                 ;
; Pre-Mapping Resynthesis Optimization                                       ; Off                ; Off                ;
; Analysis & Synthesis Message Level                                         ; Medium             ; Medium             ;
; Disable Register Merging Across Hierarchies                                ; Auto               ; Auto               ;
; Resource Aware Inference For Block RAM                                     ; On                 ; On                 ;
; Synthesis Seed                                                             ; 1                  ; 1                  ;
+----------------------------------------------------------------------------+--------------------+--------------------+


Parallel compilation was disabled, but you have multiple processors available. Enable parallel compilation to reduce compilation time.
+-------------------------------------+
; Parallel Compilation                ;
+----------------------------+--------+
; Processors                 ; Number ;
+----------------------------+--------+
; Number detected on machine ; 8      ;
; Maximum allowed            ; 1      ;
+----------------------------+--------+


+----------------------------------------------------------------------------------------------------------------------------------------------------------------------------------------------+
; Analysis & Synthesis Source Files Read                                                                                                                                                       ;
+----------------------------------+-----------------+------------------------------------+------------------------------------------------------------------------------------------+---------+
; File Name with User-Entered Path ; Used in Netlist ; File Type                          ; File Name with Absolute Path                                                             ; Library ;
+----------------------------------+-----------------+------------------------------------+------------------------------------------------------------------------------------------+---------+
; exibir.sv                        ; yes             ; User SystemVerilog HDL File        ; C:/Users/Aluno/Documents/Thomas/hdl/Lab1/Lab1/Unidade2/Lista4/exibir.sv                  ;         ;
; parte3.sv                        ; yes             ; User SystemVerilog HDL File        ; C:/Users/Aluno/Documents/Thomas/hdl/Lab1/Lab1/Unidade2/Lista4/parte3.sv                  ;         ;
; output_files/counter.sv          ; yes             ; User SystemVerilog HDL File        ; C:/Users/Aluno/Documents/Thomas/hdl/Lab1/Lab1/Unidade2/Lista4/output_files/counter.sv    ;         ;
; numero.sv                        ; yes             ; Auto-Found SystemVerilog HDL File  ; C:/Users/Aluno/Documents/Thomas/hdl/Lab1/Lab1/Unidade2/Lista4/numero.sv                  ;         ;
; lpm_divide.tdf                   ; yes             ; Megafunction                       ; x:/ccomp/altera/13.0sp1/quartus/libraries/megafunctions/lpm_divide.tdf                   ;         ;
; abs_divider.inc                  ; yes             ; Megafunction                       ; x:/ccomp/altera/13.0sp1/quartus/libraries/megafunctions/abs_divider.inc                  ;         ;
; sign_div_unsign.inc              ; yes             ; Megafunction                       ; x:/ccomp/altera/13.0sp1/quartus/libraries/megafunctions/sign_div_unsign.inc              ;         ;
; aglobal130.inc                   ; yes             ; Megafunction                       ; x:/ccomp/altera/13.0sp1/quartus/libraries/megafunctions/aglobal130.inc                   ;         ;
; db/lpm_divide_45m.tdf            ; yes             ; Auto-Generated Megafunction        ; C:/Users/Aluno/Documents/Thomas/hdl/Lab1/Lab1/Unidade2/Lista4/db/lpm_divide_45m.tdf      ;         ;
; db/sign_div_unsign_bkh.tdf       ; yes             ; Auto-Generated Megafunction        ; C:/Users/Aluno/Documents/Thomas/hdl/Lab1/Lab1/Unidade2/Lista4/db/sign_div_unsign_bkh.tdf ;         ;
; db/alt_u_div_ove.tdf             ; yes             ; Auto-Generated Megafunction        ; C:/Users/Aluno/Documents/Thomas/hdl/Lab1/Lab1/Unidade2/Lista4/db/alt_u_div_ove.tdf       ;         ;
; db/add_sub_lkc.tdf               ; yes             ; Auto-Generated Megafunction        ; C:/Users/Aluno/Documents/Thomas/hdl/Lab1/Lab1/Unidade2/Lista4/db/add_sub_lkc.tdf         ;         ;
; db/add_sub_mkc.tdf               ; yes             ; Auto-Generated Megafunction        ; C:/Users/Aluno/Documents/Thomas/hdl/Lab1/Lab1/Unidade2/Lista4/db/add_sub_mkc.tdf         ;         ;
; db/lpm_divide_1dm.tdf            ; yes             ; Auto-Generated Megafunction        ; C:/Users/Aluno/Documents/Thomas/hdl/Lab1/Lab1/Unidade2/Lista4/db/lpm_divide_1dm.tdf      ;         ;
+----------------------------------+-----------------+------------------------------------+------------------------------------------------------------------------------------------+---------+


+------------------------------------------------------+
; Analysis & Synthesis Resource Usage Summary          ;
+---------------------------------------------+--------+
; Resource                                    ; Usage  ;
+---------------------------------------------+--------+
; Estimated Total logic elements              ; 182    ;
;                                             ;        ;
; Total combinational functions               ; 182    ;
; Logic element usage by number of LUT inputs ;        ;
;     -- 4 input functions                    ; 37     ;
;     -- 3 input functions                    ; 60     ;
;     -- <=2 input functions                  ; 85     ;
;                                             ;        ;
; Logic elements by mode                      ;        ;
;     -- normal mode                          ; 112    ;
;     -- arithmetic mode                      ; 70     ;
;                                             ;        ;
; Total registers                             ; 8      ;
;     -- Dedicated logic registers            ; 8      ;
;     -- I/O registers                        ; 0      ;
;                                             ;        ;
; I/O pins                                    ; 17     ;
; Embedded Multiplier 9-bit elements          ; 0      ;
; Maximum fan-out node                        ; KEY[0] ;
; Maximum fan-out                             ; 36     ;
; Total fan-out                               ; 522    ;
; Average fan-out                             ; 2.52   ;
+---------------------------------------------+--------+


+------------------------------------------------------------------------------------------------------------------------------------------------------------------------------------------------------------------------------------------------------------------------------------------+
; Analysis & Synthesis Resource Utilization by Entity                                                                                                                                                                                                                                      ;
+-------------------------------------------+-------------------+--------------+-------------+--------------+---------+-----------+------+--------------+-------------------------------------------------------------------------------------------------------------------+--------------+
; Compilation Hierarchy Node                ; LC Combinationals ; LC Registers ; Memory Bits ; DSP Elements ; DSP 9x9 ; DSP 18x18 ; Pins ; Virtual Pins ; Full Hierarchy Name                                                                                               ; Library Name ;
+-------------------------------------------+-------------------+--------------+-------------+--------------+---------+-----------+------+--------------+-------------------------------------------------------------------------------------------------------------------+--------------+
; |parte3                                   ; 182 (36)          ; 8 (0)        ; 0           ; 0            ; 0       ; 0         ; 17   ; 0            ; |parte3                                                                                                           ; work         ;
;    |counter:cont|                         ; 10 (10)           ; 8 (8)        ; 0           ; 0            ; 0       ; 0         ; 0    ; 0            ; |parte3|counter:cont                                                                                              ; work         ;
;    |exibir:ex|                            ; 136 (0)           ; 0 (0)        ; 0           ; 0            ; 0       ; 0         ; 0    ; 0            ; |parte3|exibir:ex                                                                                                 ; work         ;
;       |lpm_divide:Div0|                   ; 56 (0)            ; 0 (0)        ; 0           ; 0            ; 0       ; 0         ; 0    ; 0            ; |parte3|exibir:ex|lpm_divide:Div0                                                                                 ; work         ;
;          |lpm_divide_1dm:auto_generated|  ; 56 (0)            ; 0 (0)        ; 0           ; 0            ; 0       ; 0         ; 0    ; 0            ; |parte3|exibir:ex|lpm_divide:Div0|lpm_divide_1dm:auto_generated                                                   ; work         ;
;             |sign_div_unsign_bkh:divider| ; 56 (0)            ; 0 (0)        ; 0           ; 0            ; 0       ; 0         ; 0    ; 0            ; |parte3|exibir:ex|lpm_divide:Div0|lpm_divide_1dm:auto_generated|sign_div_unsign_bkh:divider                       ; work         ;
;                |alt_u_div_ove:divider|    ; 56 (56)           ; 0 (0)        ; 0           ; 0            ; 0       ; 0         ; 0    ; 0            ; |parte3|exibir:ex|lpm_divide:Div0|lpm_divide_1dm:auto_generated|sign_div_unsign_bkh:divider|alt_u_div_ove:divider ; work         ;
;       |lpm_divide:Mod0|                   ; 59 (0)            ; 0 (0)        ; 0           ; 0            ; 0       ; 0         ; 0    ; 0            ; |parte3|exibir:ex|lpm_divide:Mod0                                                                                 ; work         ;
;          |lpm_divide_45m:auto_generated|  ; 59 (0)            ; 0 (0)        ; 0           ; 0            ; 0       ; 0         ; 0    ; 0            ; |parte3|exibir:ex|lpm_divide:Mod0|lpm_divide_45m:auto_generated                                                   ; work         ;
;             |sign_div_unsign_bkh:divider| ; 59 (0)            ; 0 (0)        ; 0           ; 0            ; 0       ; 0         ; 0    ; 0            ; |parte3|exibir:ex|lpm_divide:Mod0|lpm_divide_45m:auto_generated|sign_div_unsign_bkh:divider                       ; work         ;
;                |alt_u_div_ove:divider|    ; 59 (59)           ; 0 (0)        ; 0           ; 0            ; 0       ; 0         ; 0    ; 0            ; |parte3|exibir:ex|lpm_divide:Mod0|lpm_divide_45m:auto_generated|sign_div_unsign_bkh:divider|alt_u_div_ove:divider ; work         ;
;       |numero:v0|                         ; 7 (7)             ; 0 (0)        ; 0           ; 0            ; 0       ; 0         ; 0    ; 0            ; |parte3|exibir:ex|numero:v0                                                                                       ; work         ;
;       |numero:v1|                         ; 14 (14)           ; 0 (0)        ; 0           ; 0            ; 0       ; 0         ; 0    ; 0            ; |parte3|exibir:ex|numero:v1                                                                                       ; work         ;
+-------------------------------------------+-------------------+--------------+-------------+--------------+---------+-----------+------+--------------+-------------------------------------------------------------------------------------------------------------------+--------------+
Note: For table entries with two numbers listed, the numbers in parentheses indicate the number of resources of the given type used by the specific entity alone. The numbers listed outside of parentheses indicate the total resources of the given type used by the specific entity and all of its sub-entities in the hierarchy.


+-------------------------------------------------------------+
; Logic Cells Representing Combinational Loops                ;
+--------------------------------------------------------+----+
; Logic Cell Name                                        ;    ;
+--------------------------------------------------------+----+
; Add0~0                                                 ;    ;
; Q[25]~0                                                ;    ;
; Q[24]~1                                                ;    ;
; Q[23]~2                                                ;    ;
; Q[22]~3                                                ;    ;
; Q[21]~4                                                ;    ;
; Q[20]~5                                                ;    ;
; Q[19]~6                                                ;    ;
; Q[18]~7                                                ;    ;
; Q[17]~8                                                ;    ;
; Q[16]~9                                                ;    ;
; Q[15]~10                                               ;    ;
; Q[14]~11                                               ;    ;
; Q[13]~12                                               ;    ;
; Q[12]~13                                               ;    ;
; Q[11]~14                                               ;    ;
; Q[10]~15                                               ;    ;
; Q[9]~16                                                ;    ;
; Q[8]~17                                                ;    ;
; Q[7]~18                                                ;    ;
; Q[6]~19                                                ;    ;
; Q[5]~20                                                ;    ;
; Q[4]~21                                                ;    ;
; Q[3]~22                                                ;    ;
; Q[2]~23                                                ;    ;
; Q[1]~24                                                ;    ;
; Q[0]~25                                                ;    ;
; Number of logic cells representing combinational loops ; 27 ;
+--------------------------------------------------------+----+
Note: All cells listed above may not be present at the end of synthesis due to various synthesis optimizations.


+------------------------------------------------------+
; General Register Statistics                          ;
+----------------------------------------------+-------+
; Statistic                                    ; Value ;
+----------------------------------------------+-------+
; Total registers                              ; 8     ;
; Number of registers using Synchronous Clear  ; 8     ;
; Number of registers using Synchronous Load   ; 0     ;
; Number of registers using Asynchronous Clear ; 0     ;
; Number of registers using Asynchronous Load  ; 0     ;
; Number of registers using Clock Enable       ; 8     ;
; Number of registers using Preset             ; 0     ;
+----------------------------------------------+-------+


+------------------------------------------------------------------------------------------------------------------------------------------+
; Multiplexer Restructuring Statistics (Restructuring Performed)                                                                           ;
+--------------------+-----------+---------------+----------------------+------------------------+------------+----------------------------+
; Multiplexer Inputs ; Bus Width ; Baseline Area ; Area if Restructured ; Saving if Restructured ; Registered ; Example Multiplexer Output ;
+--------------------+-----------+---------------+----------------------+------------------------+------------+----------------------------+
; 3:1                ; 8 bits    ; 16 LEs        ; 8 LEs                ; 8 LEs                  ; Yes        ; |parte3|counter:cont|Q[7]  ;
+--------------------+-----------+---------------+----------------------+------------------------+------------+----------------------------+


+----------------------------------------------------------------------------+
; Parameter Settings for Inferred Entity Instance: exibir:ex|lpm_divide:Mod0 ;
+------------------------+----------------+----------------------------------+
; Parameter Name         ; Value          ; Type                             ;
+------------------------+----------------+----------------------------------+
; LPM_WIDTHN             ; 8              ; Untyped                          ;
; LPM_WIDTHD             ; 4              ; Untyped                          ;
; LPM_NREPRESENTATION    ; UNSIGNED       ; Untyped                          ;
; LPM_DREPRESENTATION    ; UNSIGNED       ; Untyped                          ;
; LPM_PIPELINE           ; 0              ; Untyped                          ;
; LPM_REMAINDERPOSITIVE  ; TRUE           ; Untyped                          ;
; MAXIMIZE_SPEED         ; 5              ; Untyped                          ;
; CBXI_PARAMETER         ; lpm_divide_45m ; Untyped                          ;
; CARRY_CHAIN            ; MANUAL         ; Untyped                          ;
; OPTIMIZE_FOR_SPEED     ; 5              ; Untyped                          ;
; AUTO_CARRY_CHAINS      ; ON             ; AUTO_CARRY                       ;
; IGNORE_CARRY_BUFFERS   ; OFF            ; IGNORE_CARRY                     ;
; AUTO_CASCADE_CHAINS    ; ON             ; AUTO_CASCADE                     ;
; IGNORE_CASCADE_BUFFERS ; OFF            ; IGNORE_CASCADE                   ;
+------------------------+----------------+----------------------------------+
Note: In order to hide this table in the UI and the text report file, please set the "Show Parameter Settings in Synthesis Report" option in "Analysis and Synthesis Settings -> More Settings" to "Off".


+----------------------------------------------------------------------------+
; Parameter Settings for Inferred Entity Instance: exibir:ex|lpm_divide:Div0 ;
+------------------------+----------------+----------------------------------+
; Parameter Name         ; Value          ; Type                             ;
+------------------------+----------------+----------------------------------+
; LPM_WIDTHN             ; 8              ; Untyped                          ;
; LPM_WIDTHD             ; 4              ; Untyped                          ;
; LPM_NREPRESENTATION    ; UNSIGNED       ; Untyped                          ;
; LPM_DREPRESENTATION    ; UNSIGNED       ; Untyped                          ;
; LPM_PIPELINE           ; 0              ; Untyped                          ;
; LPM_REMAINDERPOSITIVE  ; TRUE           ; Untyped                          ;
; MAXIMIZE_SPEED         ; 5              ; Untyped                          ;
; CBXI_PARAMETER         ; lpm_divide_1dm ; Untyped                          ;
; CARRY_CHAIN            ; MANUAL         ; Untyped                          ;
; OPTIMIZE_FOR_SPEED     ; 5              ; Untyped                          ;
; AUTO_CARRY_CHAINS      ; ON             ; AUTO_CARRY                       ;
; IGNORE_CARRY_BUFFERS   ; OFF            ; IGNORE_CARRY                     ;
; AUTO_CASCADE_CHAINS    ; ON             ; AUTO_CASCADE                     ;
; IGNORE_CASCADE_BUFFERS ; OFF            ; IGNORE_CASCADE                   ;
+------------------------+----------------+----------------------------------+
Note: In order to hide this table in the UI and the text report file, please set the "Show Parameter Settings in Synthesis Report" option in "Analysis and Synthesis Settings -> More Settings" to "Off".


+---------------------------------------------------------------------------------------------------------------------------------------------------------------------------------------------------------------+
; Port Connectivity Checks: "exibir:ex|numero:v1"                                                                                                                                                               ;
+---------+-------+----------+----------------------------------------------------------------------------------------------------------------------------------------------------------------------------------+
; Port    ; Type  ; Severity ; Details                                                                                                                                                                          ;
+---------+-------+----------+----------------------------------------------------------------------------------------------------------------------------------------------------------------------------------+
; entrada ; Input ; Warning  ; Input port expression (8 bits) is wider than the input port (5 bits) it drives.  The 3 most-significant bit(s) in the expression will be dangling if they have no other fanouts. ;
+---------+-------+----------+----------------------------------------------------------------------------------------------------------------------------------------------------------------------------------+


+------------------------------------------------------------------------------------------------------------------------------------------------------------------------------------------------------------------+
; Port Connectivity Checks: "exibir:ex|numero:v0"                                                                                                                                                                  ;
+------------+-------+----------+----------------------------------------------------------------------------------------------------------------------------------------------------------------------------------+
; Port       ; Type  ; Severity ; Details                                                                                                                                                                          ;
+------------+-------+----------+----------------------------------------------------------------------------------------------------------------------------------------------------------------------------------+
; entrada    ; Input ; Warning  ; Input port expression (8 bits) is wider than the input port (5 bits) it drives.  The 3 most-significant bit(s) in the expression will be dangling if they have no other fanouts. ;
; entrada[4] ; Input ; Info     ; Stuck at GND                                                                                                                                                                     ;
+------------+-------+----------+----------------------------------------------------------------------------------------------------------------------------------------------------------------------------------+


+-------------------------------+
; Elapsed Time Per Partition    ;
+----------------+--------------+
; Partition Name ; Elapsed Time ;
+----------------+--------------+
; Top            ; 00:00:00     ;
+----------------+--------------+


+-------------------------------+
; Analysis & Synthesis Messages ;
+-------------------------------+
Info: *******************************************************************
Info: Running Quartus II 64-Bit Analysis & Synthesis
    Info: Version 13.0.1 Build 232 06/12/2013 Service Pack 1 SJ Web Edition
    Info: Processing started: Thu Nov 28 16:18:06 2019
Info: Command: quartus_map --read_settings_files=on --write_settings_files=off parte3 -c parte3
Warning (20028): Parallel compilation is not licensed and has been disabled
Info (12021): Found 1 design units, including 1 entities, in source file exibir.sv
    Info (12023): Found entity 1: exibir
Info (12021): Found 1 design units, including 1 entities, in source file parte3.sv
    Info (12023): Found entity 1: parte3
Warning (12019): Can't analyze file -- file Clk.sv is missing
Info (12021): Found 1 design units, including 1 entities, in source file output_files/counter.sv
    Info (12023): Found entity 1: counter
Info (12127): Elaborating entity "parte3" for the top level hierarchy
Warning (10235): Verilog HDL Always Construct warning at parte3.sv(11): variable "KEY" is read inside the Always Construct but isn't in the Always Construct's Event Control
Warning (10235): Verilog HDL Always Construct warning at parte3.sv(14): variable "Q" is read inside the Always Construct but isn't in the Always Construct's Event Control
Warning (10230): Verilog HDL assignment warning at parte3.sv(14): truncated value with size 32 to match size of target (27)
Info (12128): Elaborating entity "counter" for hierarchy "counter:cont"
Warning (10230): Verilog HDL assignment warning at counter.sv(13): truncated value with size 32 to match size of target (8)
Info (12128): Elaborating entity "exibir" for hierarchy "exibir:ex"
Warning (10230): Verilog HDL assignment warning at exibir.sv(10): truncated value with size 32 to match size of target (8)
Warning (10230): Verilog HDL assignment warning at exibir.sv(12): truncated value with size 32 to match size of target (8)
Warning (12125): Using design file numero.sv, which is not specified as a design file for the current project, but contains definitions for 1 design units and 1 entities in project
    Info (12023): Found entity 1: numero
Info (12128): Elaborating entity "numero" for hierarchy "exibir:ex|numero:v0"
Info (278001): Inferred 2 megafunctions from design logic
    Info (278004): Inferred divider/modulo megafunction ("lpm_divide") from the following logic: "exibir:ex|Mod0"
    Info (278004): Inferred divider/modulo megafunction ("lpm_divide") from the following logic: "exibir:ex|Div0"
Info (12130): Elaborated megafunction instantiation "exibir:ex|lpm_divide:Mod0"
Info (12133): Instantiated megafunction "exibir:ex|lpm_divide:Mod0" with the following parameter:
    Info (12134): Parameter "LPM_WIDTHN" = "8"
    Info (12134): Parameter "LPM_WIDTHD" = "4"
    Info (12134): Parameter "LPM_NREPRESENTATION" = "UNSIGNED"
    Info (12134): Parameter "LPM_DREPRESENTATION" = "UNSIGNED"
Info (12021): Found 1 design units, including 1 entities, in source file db/lpm_divide_45m.tdf
    Info (12023): Found entity 1: lpm_divide_45m
Info (12021): Found 1 design units, including 1 entities, in source file db/sign_div_unsign_bkh.tdf
    Info (12023): Found entity 1: sign_div_unsign_bkh
Info (12021): Found 1 design units, including 1 entities, in source file db/alt_u_div_ove.tdf
    Info (12023): Found entity 1: alt_u_div_ove
Info (12021): Found 1 design units, including 1 entities, in source file db/add_sub_lkc.tdf
    Info (12023): Found entity 1: add_sub_lkc
Info (12021): Found 1 design units, including 1 entities, in source file db/add_sub_mkc.tdf
    Info (12023): Found entity 1: add_sub_mkc
Info (12130): Elaborated megafunction instantiation "exibir:ex|lpm_divide:Div0"
Info (12133): Instantiated megafunction "exibir:ex|lpm_divide:Div0" with the following parameter:
    Info (12134): Parameter "LPM_WIDTHN" = "8"
    Info (12134): Parameter "LPM_WIDTHD" = "4"
    Info (12134): Parameter "LPM_NREPRESENTATION" = "UNSIGNED"
    Info (12134): Parameter "LPM_DREPRESENTATION" = "UNSIGNED"
Info (12021): Found 1 design units, including 1 entities, in source file db/lpm_divide_1dm.tdf
    Info (12023): Found entity 1: lpm_divide_1dm
Warning (12241): 2 hierarchies have connectivity warnings - see the Connectivity Checks report folder
Info (16010): Generating hard_block partition "hard_block:auto_generated_inst"
    Info (16011): Adding 0 node(s), including 0 DDIO, 0 PLL, 0 transceiver and 0 LCELL
Warning (21074): Design contains 1 input pin(s) that do not drive logic
    Warning (15610): No output dependent on input pin "KEY[1]"
Info (21057): Implemented 199 device resources after synthesis - the final resource count might be different
    Info (21058): Implemented 3 input pins
    Info (21059): Implemented 14 output pins
    Info (21061): Implemented 182 logic cells
Info: Quartus II 64-Bit Analysis & Synthesis was successful. 0 errors, 12 warnings
    Info: Peak virtual memory: 4622 megabytes
    Info: Processing ended: Thu Nov 28 16:18:08 2019
    Info: Elapsed time: 00:00:02
    Info: Total CPU time (on all processors): 00:00:02


